CRITICAL - 2022-11-28 00:00:17 --> Undefined property: App\Controllers\Mahasiswa::$m_Semester
in APPPATH\Controllers\Mahasiswa.php on line 35.
 1 APPPATH\Controllers\Mahasiswa.php(35): CodeIgniter\Debug\Exceptions->errorHandler(8, 'Undefined property: App\\Controllers\\Mahasiswa::$m_Semester', 'APPPATH\\Controllers\\Mahasiswa.php', 35, [])
 2 SYSTEMPATH\CodeIgniter.php(927): App\Controllers\Mahasiswa->tambahMahasiswa()
 3 SYSTEMPATH\CodeIgniter.php(482): CodeIgniter\CodeIgniter->runController(Object(App\Controllers\Mahasiswa))
 4 SYSTEMPATH\CodeIgniter.php(351): CodeIgniter\CodeIgniter->handleRequest(null, Object(Config\Cache), false)
 5 FCPATH\index.php(67): CodeIgniter\CodeIgniter->run()
 6 SYSTEMPATH\Commands\Server\rewrite.php(46): require_once('FCPATH\\index.php')
ERROR - 2022-11-28 00:08:15 --> mysqli_sql_exception: Column 'semester_mhs' cannot be null in C:\xampp\htdocs\ci4\ci4-krs\system\Database\MySQLi\Connection.php:292
Stack trace:
#0 C:\xampp\htdocs\ci4\ci4-krs\system\Database\MySQLi\Connection.php(292): mysqli->query('INSERT INTO `ma...', 0)
#1 C:\xampp\htdocs\ci4\ci4-krs\system\Database\BaseConnection.php(666): CodeIgniter\Database\MySQLi\Connection->execute('INSERT INTO `ma...')
#2 C:\xampp\htdocs\ci4\ci4-krs\system\Database\BaseConnection.php(593): CodeIgniter\Database\BaseConnection->simpleQuery('INSERT INTO `ma...')
#3 C:\xampp\htdocs\ci4\ci4-krs\system\Database\BaseBuilder.php(1916): CodeIgniter\Database\BaseConnection->query('INSERT INTO `ma...', Array, false)
#4 C:\xampp\htdocs\ci4\ci4-krs\system\Model.php(279): CodeIgniter\Database\BaseBuilder->insert()
#5 C:\xampp\htdocs\ci4\ci4-krs\system\BaseModel.php(749): CodeIgniter\Model->doInsert(Array)
#6 C:\xampp\htdocs\ci4\ci4-krs\system\Model.php(667): CodeIgniter\BaseModel->insert(Array, true)
#7 C:\xampp\htdocs\ci4\ci4-krs\app\Controllers\Mahasiswa.php(119): CodeIgniter\Model->insert(Array)
#8 C:\xampp\htdocs\ci4\ci4-krs\system\CodeIgniter.php(927): App\Controllers\Mahasiswa->prosesTambahMahasiswa()
#9 C:\xampp\htdocs\ci4\ci4-krs\system\CodeIgniter.php(482): CodeIgniter\CodeIgniter->runController(Object(App\Controllers\Mahasiswa))
#10 C:\xampp\htdocs\ci4\ci4-krs\system\CodeIgniter.php(351): CodeIgniter\CodeIgniter->handleRequest(NULL, Object(Config\Cache), false)
#11 C:\xampp\htdocs\ci4\ci4-krs\public\index.php(67): CodeIgniter\CodeIgniter->run()
#12 C:\xampp\htdocs\ci4\ci4-krs\system\Commands\Server\rewrite.php(46): require_once('C:\\xampp\\htdocs...')
#13 {main}
CRITICAL - 2022-11-28 00:08:15 --> Column 'semester_mhs' cannot be null
in SYSTEMPATH\Database\MySQLi\Connection.php on line 292.
 1 SYSTEMPATH\Database\MySQLi\Connection.php(292): mysqli->query('INSERT INTO `mahasiswa` (`tgl_lahir_mhs`, `semester_mhs`, `jurusan_mhs`, `password_mhs`) VALUES (\'2002-05-26\', NULL, \'TIF\', \'SMTR1\')', 0)
 2 SYSTEMPATH\Database\BaseConnection.php(666): CodeIgniter\Database\MySQLi\Connection->execute('INSERT INTO `mahasiswa` (`tgl_lahir_mhs`, `semester_mhs`, `jurusan_mhs`, `password_mhs`) VALUES (\'2002-05-26\', NULL, \'TIF\', \'SMTR1\')')
 3 SYSTEMPATH\Database\BaseConnection.php(593): CodeIgniter\Database\BaseConnection->simpleQuery('INSERT INTO `mahasiswa` (`tgl_lahir_mhs`, `semester_mhs`, `jurusan_mhs`, `password_mhs`) VALUES (\'2002-05-26\', NULL, \'TIF\', \'SMTR1\')')
 4 SYSTEMPATH\Database\BaseBuilder.php(1916): CodeIgniter\Database\BaseConnection->query('INSERT INTO `mahasiswa` (`tgl_lahir_mhs`, `semester_mhs`, `jurusan_mhs`, `password_mhs`) VALUES (:tgl_lahir_mhs:, :semester_mhs:, :jurusan_mhs:, :password_mhs:)', [...], false)
 5 SYSTEMPATH\Model.php(279): CodeIgniter\Database\BaseBuilder->insert()
 6 SYSTEMPATH\BaseModel.php(749): CodeIgniter\Model->doInsert([...])
 7 SYSTEMPATH\Model.php(667): CodeIgniter\BaseModel->insert([...], true)
 8 APPPATH\Controllers\Mahasiswa.php(119): CodeIgniter\Model->insert([...])
 9 SYSTEMPATH\CodeIgniter.php(927): App\Controllers\Mahasiswa->prosesTambahMahasiswa()
10 SYSTEMPATH\CodeIgniter.php(482): CodeIgniter\CodeIgniter->runController(Object(App\Controllers\Mahasiswa))
11 SYSTEMPATH\CodeIgniter.php(351): CodeIgniter\CodeIgniter->handleRequest(null, Object(Config\Cache), false)
12 FCPATH\index.php(67): CodeIgniter\CodeIgniter->run()
13 SYSTEMPATH\Commands\Server\rewrite.php(46): require_once('FCPATH\\index.php')
CRITICAL - 2022-11-28 00:29:38 --> Undefined variable: dataMatkul
in APPPATH\Views\mahasiswa\index.php on line 35.
 1 APPPATH\Views\mahasiswa\index.php(35): CodeIgniter\Debug\Exceptions->errorHandler(8, 'Undefined variable: dataMatkul', 'APPPATH\\Views\\mahasiswa\\index.php', 35, [...])
 2 SYSTEMPATH\View\View.php(213): include('APPPATH\\Views\\mahasiswa\\index.php')
 3 SYSTEMPATH\View\View.php(216): CodeIgniter\View\View->CodeIgniter\View\{closure}()
 4 SYSTEMPATH\Common.php(1134): CodeIgniter\View\View->render('mahasiswa/index', [], true)
 5 APPPATH\Controllers\Mahasiswa.php(27): view('mahasiswa/index', [...])
 6 SYSTEMPATH\CodeIgniter.php(927): App\Controllers\Mahasiswa->listMahasiswa()
 7 SYSTEMPATH\CodeIgniter.php(482): CodeIgniter\CodeIgniter->runController(Object(App\Controllers\Mahasiswa))
 8 SYSTEMPATH\CodeIgniter.php(351): CodeIgniter\CodeIgniter->handleRequest(null, Object(Config\Cache), false)
 9 FCPATH\index.php(67): CodeIgniter\CodeIgniter->run()
10 SYSTEMPATH\Commands\Server\rewrite.php(46): require_once('FCPATH\\index.php')
CRITICAL - 2022-11-28 00:30:04 --> Undefined variable: matkul
in APPPATH\Views\mahasiswa\index.php on line 41.
 1 APPPATH\Views\mahasiswa\index.php(41): CodeIgniter\Debug\Exceptions->errorHandler(8, 'Undefined variable: matkul', 'APPPATH\\Views\\mahasiswa\\index.php', 41, [...])
 2 SYSTEMPATH\View\View.php(213): include('APPPATH\\Views\\mahasiswa\\index.php')
 3 SYSTEMPATH\View\View.php(216): CodeIgniter\View\View->CodeIgniter\View\{closure}()
 4 SYSTEMPATH\Common.php(1134): CodeIgniter\View\View->render('mahasiswa/index', [], true)
 5 APPPATH\Controllers\Mahasiswa.php(27): view('mahasiswa/index', [...])
 6 SYSTEMPATH\CodeIgniter.php(927): App\Controllers\Mahasiswa->listMahasiswa()
 7 SYSTEMPATH\CodeIgniter.php(482): CodeIgniter\CodeIgniter->runController(Object(App\Controllers\Mahasiswa))
 8 SYSTEMPATH\CodeIgniter.php(351): CodeIgniter\CodeIgniter->handleRequest(null, Object(Config\Cache), false)
 9 FCPATH\index.php(67): CodeIgniter\CodeIgniter->run()
10 SYSTEMPATH\Commands\Server\rewrite.php(46): require_once('FCPATH\\index.php')
CRITICAL - 2022-11-28 00:30:28 --> Undefined index: kode_mahasiswa
in APPPATH\Views\mahasiswa\index.php on line 56.
 1 APPPATH\Views\mahasiswa\index.php(56): CodeIgniter\Debug\Exceptions->errorHandler(8, 'Undefined index: kode_mahasiswa', 'APPPATH\\Views\\mahasiswa\\index.php', 56, [...])
 2 SYSTEMPATH\View\View.php(213): include('APPPATH\\Views\\mahasiswa\\index.php')
 3 SYSTEMPATH\View\View.php(216): CodeIgniter\View\View->CodeIgniter\View\{closure}()
 4 SYSTEMPATH\Common.php(1134): CodeIgniter\View\View->render('mahasiswa/index', [], true)
 5 APPPATH\Controllers\Mahasiswa.php(27): view('mahasiswa/index', [...])
 6 SYSTEMPATH\CodeIgniter.php(927): App\Controllers\Mahasiswa->listMahasiswa()
 7 SYSTEMPATH\CodeIgniter.php(482): CodeIgniter\CodeIgniter->runController(Object(App\Controllers\Mahasiswa))
 8 SYSTEMPATH\CodeIgniter.php(351): CodeIgniter\CodeIgniter->handleRequest(null, Object(Config\Cache), false)
 9 FCPATH\index.php(67): CodeIgniter\CodeIgniter->run()
10 SYSTEMPATH\Commands\Server\rewrite.php(46): require_once('FCPATH\\index.php')
ERROR - 2022-11-28 00:32:39 --> mysqli_sql_exception: Duplicate entry '2008101003' for key 'PRIMARY' in C:\xampp\htdocs\ci4\ci4-krs\system\Database\MySQLi\Connection.php:292
Stack trace:
#0 C:\xampp\htdocs\ci4\ci4-krs\system\Database\MySQLi\Connection.php(292): mysqli->query('INSERT INTO `ma...', 0)
#1 C:\xampp\htdocs\ci4\ci4-krs\system\Database\BaseConnection.php(666): CodeIgniter\Database\MySQLi\Connection->execute('INSERT INTO `ma...')
#2 C:\xampp\htdocs\ci4\ci4-krs\system\Database\BaseConnection.php(593): CodeIgniter\Database\BaseConnection->simpleQuery('INSERT INTO `ma...')
#3 C:\xampp\htdocs\ci4\ci4-krs\system\Database\BaseBuilder.php(1916): CodeIgniter\Database\BaseConnection->query('INSERT INTO `ma...', Array, false)
#4 C:\xampp\htdocs\ci4\ci4-krs\system\Model.php(279): CodeIgniter\Database\BaseBuilder->insert()
#5 C:\xampp\htdocs\ci4\ci4-krs\system\BaseModel.php(749): CodeIgniter\Model->doInsert(Array)
#6 C:\xampp\htdocs\ci4\ci4-krs\system\Model.php(667): CodeIgniter\BaseModel->insert(Array, true)
#7 C:\xampp\htdocs\ci4\ci4-krs\app\Controllers\Mahasiswa.php(120): CodeIgniter\Model->insert(Array)
#8 C:\xampp\htdocs\ci4\ci4-krs\system\CodeIgniter.php(927): App\Controllers\Mahasiswa->prosesTambahMahasiswa()
#9 C:\xampp\htdocs\ci4\ci4-krs\system\CodeIgniter.php(482): CodeIgniter\CodeIgniter->runController(Object(App\Controllers\Mahasiswa))
#10 C:\xampp\htdocs\ci4\ci4-krs\system\CodeIgniter.php(351): CodeIgniter\CodeIgniter->handleRequest(NULL, Object(Config\Cache), false)
#11 C:\xampp\htdocs\ci4\ci4-krs\public\index.php(67): CodeIgniter\CodeIgniter->run()
#12 C:\xampp\htdocs\ci4\ci4-krs\system\Commands\Server\rewrite.php(46): require_once('C:\\xampp\\htdocs...')
#13 {main}
CRITICAL - 2022-11-28 00:32:39 --> Duplicate entry '2008101003' for key 'PRIMARY'
in SYSTEMPATH\Database\MySQLi\Connection.php on line 292.
 1 SYSTEMPATH\Database\MySQLi\Connection.php(292): mysqli->query('INSERT INTO `mahasiswa` (`npm_mhs`, `nama_mhs`, `tgl_lahir_mhs`, `semester_mhs`, `jurusan_mhs`, `password_mhs`, `foto_mhs`) VALUES (\'20081010031\', \'Ranca Bonges\', \'2008-07-31\', \'SMTR2\', \'TIF\', \'123\', \'default.jpg\')', 0)
 2 SYSTEMPATH\Database\BaseConnection.php(666): CodeIgniter\Database\MySQLi\Connection->execute('INSERT INTO `mahasiswa` (`npm_mhs`, `nama_mhs`, `tgl_lahir_mhs`, `semester_mhs`, `jurusan_mhs`, `password_mhs`, `foto_mhs`) VALUES (\'20081010031\', \'Ranca Bonges\', \'2008-07-31\', \'SMTR2\', \'TIF\', \'123\', \'default.jpg\')')
 3 SYSTEMPATH\Database\BaseConnection.php(593): CodeIgniter\Database\BaseConnection->simpleQuery('INSERT INTO `mahasiswa` (`npm_mhs`, `nama_mhs`, `tgl_lahir_mhs`, `semester_mhs`, `jurusan_mhs`, `password_mhs`, `foto_mhs`) VALUES (\'20081010031\', \'Ranca Bonges\', \'2008-07-31\', \'SMTR2\', \'TIF\', \'123\', \'default.jpg\')')
 4 SYSTEMPATH\Database\BaseBuilder.php(1916): CodeIgniter\Database\BaseConnection->query('INSERT INTO `mahasiswa` (`npm_mhs`, `nama_mhs`, `tgl_lahir_mhs`, `semester_mhs`, `jurusan_mhs`, `password_mhs`, `foto_mhs`) VALUES (:npm_mhs:, :nama_mhs:, :tgl_lahir_mhs:, :semester_mhs:, :jurusan_mhs:, :password_mhs:, :foto_mhs:)', [...], false)
 5 SYSTEMPATH\Model.php(279): CodeIgniter\Database\BaseBuilder->insert()
 6 SYSTEMPATH\BaseModel.php(749): CodeIgniter\Model->doInsert([...])
 7 SYSTEMPATH\Model.php(667): CodeIgniter\BaseModel->insert([...], true)
 8 APPPATH\Controllers\Mahasiswa.php(120): CodeIgniter\Model->insert([...])
 9 SYSTEMPATH\CodeIgniter.php(927): App\Controllers\Mahasiswa->prosesTambahMahasiswa()
10 SYSTEMPATH\CodeIgniter.php(482): CodeIgniter\CodeIgniter->runController(Object(App\Controllers\Mahasiswa))
11 SYSTEMPATH\CodeIgniter.php(351): CodeIgniter\CodeIgniter->handleRequest(null, Object(Config\Cache), false)
12 FCPATH\index.php(67): CodeIgniter\CodeIgniter->run()
13 SYSTEMPATH\Commands\Server\rewrite.php(46): require_once('FCPATH\\index.php')
ERROR - 2022-11-28 00:33:45 --> mysqli_sql_exception: Duplicate entry '2008101003' for key 'PRIMARY' in C:\xampp\htdocs\ci4\ci4-krs\system\Database\MySQLi\Connection.php:292
Stack trace:
#0 C:\xampp\htdocs\ci4\ci4-krs\system\Database\MySQLi\Connection.php(292): mysqli->query('INSERT INTO `ma...', 0)
#1 C:\xampp\htdocs\ci4\ci4-krs\system\Database\BaseConnection.php(666): CodeIgniter\Database\MySQLi\Connection->execute('INSERT INTO `ma...')
#2 C:\xampp\htdocs\ci4\ci4-krs\system\Database\BaseConnection.php(593): CodeIgniter\Database\BaseConnection->simpleQuery('INSERT INTO `ma...')
#3 C:\xampp\htdocs\ci4\ci4-krs\system\Database\BaseBuilder.php(1916): CodeIgniter\Database\BaseConnection->query('INSERT INTO `ma...', Array, false)
#4 C:\xampp\htdocs\ci4\ci4-krs\system\Model.php(279): CodeIgniter\Database\BaseBuilder->insert()
#5 C:\xampp\htdocs\ci4\ci4-krs\system\BaseModel.php(749): CodeIgniter\Model->doInsert(Array)
#6 C:\xampp\htdocs\ci4\ci4-krs\system\Model.php(667): CodeIgniter\BaseModel->insert(Array, true)
#7 C:\xampp\htdocs\ci4\ci4-krs\app\Controllers\Mahasiswa.php(120): CodeIgniter\Model->insert(Array)
#8 C:\xampp\htdocs\ci4\ci4-krs\system\CodeIgniter.php(927): App\Controllers\Mahasiswa->prosesTambahMahasiswa()
#9 C:\xampp\htdocs\ci4\ci4-krs\system\CodeIgniter.php(482): CodeIgniter\CodeIgniter->runController(Object(App\Controllers\Mahasiswa))
#10 C:\xampp\htdocs\ci4\ci4-krs\system\CodeIgniter.php(351): CodeIgniter\CodeIgniter->handleRequest(NULL, Object(Config\Cache), false)
#11 C:\xampp\htdocs\ci4\ci4-krs\public\index.php(67): CodeIgniter\CodeIgniter->run()
#12 C:\xampp\htdocs\ci4\ci4-krs\system\Commands\Server\rewrite.php(46): require_once('C:\\xampp\\htdocs...')
#13 {main}
CRITICAL - 2022-11-28 00:33:45 --> Duplicate entry '2008101003' for key 'PRIMARY'
in SYSTEMPATH\Database\MySQLi\Connection.php on line 292.
 1 SYSTEMPATH\Database\MySQLi\Connection.php(292): mysqli->query('INSERT INTO `mahasiswa` (`npm_mhs`, `nama_mhs`, `tgl_lahir_mhs`, `semester_mhs`, `jurusan_mhs`, `password_mhs`, `foto_mhs`) VALUES (\'20081010031\', \'Ranca Bonges\', \'2008-07-31\', \'SMTR2\', \'TIF\', \'123\', \'default.jpg\')', 0)
 2 SYSTEMPATH\Database\BaseConnection.php(666): CodeIgniter\Database\MySQLi\Connection->execute('INSERT INTO `mahasiswa` (`npm_mhs`, `nama_mhs`, `tgl_lahir_mhs`, `semester_mhs`, `jurusan_mhs`, `password_mhs`, `foto_mhs`) VALUES (\'20081010031\', \'Ranca Bonges\', \'2008-07-31\', \'SMTR2\', \'TIF\', \'123\', \'default.jpg\')')
 3 SYSTEMPATH\Database\BaseConnection.php(593): CodeIgniter\Database\BaseConnection->simpleQuery('INSERT INTO `mahasiswa` (`npm_mhs`, `nama_mhs`, `tgl_lahir_mhs`, `semester_mhs`, `jurusan_mhs`, `password_mhs`, `foto_mhs`) VALUES (\'20081010031\', \'Ranca Bonges\', \'2008-07-31\', \'SMTR2\', \'TIF\', \'123\', \'default.jpg\')')
 4 SYSTEMPATH\Database\BaseBuilder.php(1916): CodeIgniter\Database\BaseConnection->query('INSERT INTO `mahasiswa` (`npm_mhs`, `nama_mhs`, `tgl_lahir_mhs`, `semester_mhs`, `jurusan_mhs`, `password_mhs`, `foto_mhs`) VALUES (:npm_mhs:, :nama_mhs:, :tgl_lahir_mhs:, :semester_mhs:, :jurusan_mhs:, :password_mhs:, :foto_mhs:)', [...], false)
 5 SYSTEMPATH\Model.php(279): CodeIgniter\Database\BaseBuilder->insert()
 6 SYSTEMPATH\BaseModel.php(749): CodeIgniter\Model->doInsert([...])
 7 SYSTEMPATH\Model.php(667): CodeIgniter\BaseModel->insert([...], true)
 8 APPPATH\Controllers\Mahasiswa.php(120): CodeIgniter\Model->insert([...])
 9 SYSTEMPATH\CodeIgniter.php(927): App\Controllers\Mahasiswa->prosesTambahMahasiswa()
10 SYSTEMPATH\CodeIgniter.php(482): CodeIgniter\CodeIgniter->runController(Object(App\Controllers\Mahasiswa))
11 SYSTEMPATH\CodeIgniter.php(351): CodeIgniter\CodeIgniter->handleRequest(null, Object(Config\Cache), false)
12 FCPATH\index.php(67): CodeIgniter\CodeIgniter->run()
13 SYSTEMPATH\Commands\Server\rewrite.php(46): require_once('FCPATH\\index.php')
ERROR - 2022-11-28 00:38:49 --> mysqli_sql_exception: Duplicate entry '127' for key 'PRIMARY' in C:\xampp\htdocs\ci4\ci4-krs\system\Database\MySQLi\Connection.php:292
Stack trace:
#0 C:\xampp\htdocs\ci4\ci4-krs\system\Database\MySQLi\Connection.php(292): mysqli->query('INSERT INTO `ma...', 0)
#1 C:\xampp\htdocs\ci4\ci4-krs\system\Database\BaseConnection.php(666): CodeIgniter\Database\MySQLi\Connection->execute('INSERT INTO `ma...')
#2 C:\xampp\htdocs\ci4\ci4-krs\system\Database\BaseConnection.php(593): CodeIgniter\Database\BaseConnection->simpleQuery('INSERT INTO `ma...')
#3 C:\xampp\htdocs\ci4\ci4-krs\system\Database\BaseBuilder.php(1916): CodeIgniter\Database\BaseConnection->query('INSERT INTO `ma...', Array, false)
#4 C:\xampp\htdocs\ci4\ci4-krs\system\Model.php(279): CodeIgniter\Database\BaseBuilder->insert()
#5 C:\xampp\htdocs\ci4\ci4-krs\system\BaseModel.php(749): CodeIgniter\Model->doInsert(Array)
#6 C:\xampp\htdocs\ci4\ci4-krs\system\Model.php(667): CodeIgniter\BaseModel->insert(Array, true)
#7 C:\xampp\htdocs\ci4\ci4-krs\app\Controllers\Mahasiswa.php(120): CodeIgniter\Model->insert(Array)
#8 C:\xampp\htdocs\ci4\ci4-krs\system\CodeIgniter.php(927): App\Controllers\Mahasiswa->prosesTambahMahasiswa()
#9 C:\xampp\htdocs\ci4\ci4-krs\system\CodeIgniter.php(482): CodeIgniter\CodeIgniter->runController(Object(App\Controllers\Mahasiswa))
#10 C:\xampp\htdocs\ci4\ci4-krs\system\CodeIgniter.php(351): CodeIgniter\CodeIgniter->handleRequest(NULL, Object(Config\Cache), false)
#11 C:\xampp\htdocs\ci4\ci4-krs\public\index.php(67): CodeIgniter\CodeIgniter->run()
#12 C:\xampp\htdocs\ci4\ci4-krs\system\Commands\Server\rewrite.php(46): require_once('C:\\xampp\\htdocs...')
#13 {main}
CRITICAL - 2022-11-28 00:38:49 --> Duplicate entry '127' for key 'PRIMARY'
in SYSTEMPATH\Database\MySQLi\Connection.php on line 292.
 1 SYSTEMPATH\Database\MySQLi\Connection.php(292): mysqli->query('INSERT INTO `mahasiswa` (`npm_mhs`, `nama_mhs`, `tgl_lahir_mhs`, `semester_mhs`, `jurusan_mhs`, `password_mhs`, `foto_mhs`) VALUES (\'20081010031\', \'Ranca Bonges\', \'2022-11-28\', \'SMTR2\', \'TIF\', \'123\', \'default.jpg\')', 0)
 2 SYSTEMPATH\Database\BaseConnection.php(666): CodeIgniter\Database\MySQLi\Connection->execute('INSERT INTO `mahasiswa` (`npm_mhs`, `nama_mhs`, `tgl_lahir_mhs`, `semester_mhs`, `jurusan_mhs`, `password_mhs`, `foto_mhs`) VALUES (\'20081010031\', \'Ranca Bonges\', \'2022-11-28\', \'SMTR2\', \'TIF\', \'123\', \'default.jpg\')')
 3 SYSTEMPATH\Database\BaseConnection.php(593): CodeIgniter\Database\BaseConnection->simpleQuery('INSERT INTO `mahasiswa` (`npm_mhs`, `nama_mhs`, `tgl_lahir_mhs`, `semester_mhs`, `jurusan_mhs`, `password_mhs`, `foto_mhs`) VALUES (\'20081010031\', \'Ranca Bonges\', \'2022-11-28\', \'SMTR2\', \'TIF\', \'123\', \'default.jpg\')')
 4 SYSTEMPATH\Database\BaseBuilder.php(1916): CodeIgniter\Database\BaseConnection->query('INSERT INTO `mahasiswa` (`npm_mhs`, `nama_mhs`, `tgl_lahir_mhs`, `semester_mhs`, `jurusan_mhs`, `password_mhs`, `foto_mhs`) VALUES (:npm_mhs:, :nama_mhs:, :tgl_lahir_mhs:, :semester_mhs:, :jurusan_mhs:, :password_mhs:, :foto_mhs:)', [...], false)
 5 SYSTEMPATH\Model.php(279): CodeIgniter\Database\BaseBuilder->insert()
 6 SYSTEMPATH\BaseModel.php(749): CodeIgniter\Model->doInsert([...])
 7 SYSTEMPATH\Model.php(667): CodeIgniter\BaseModel->insert([...], true)
 8 APPPATH\Controllers\Mahasiswa.php(120): CodeIgniter\Model->insert([...])
 9 SYSTEMPATH\CodeIgniter.php(927): App\Controllers\Mahasiswa->prosesTambahMahasiswa()
10 SYSTEMPATH\CodeIgniter.php(482): CodeIgniter\CodeIgniter->runController(Object(App\Controllers\Mahasiswa))
11 SYSTEMPATH\CodeIgniter.php(351): CodeIgniter\CodeIgniter->handleRequest(null, Object(Config\Cache), false)
12 FCPATH\index.php(67): CodeIgniter\CodeIgniter->run()
13 SYSTEMPATH\Commands\Server\rewrite.php(46): require_once('FCPATH\\index.php')
ERROR - 2022-11-28 00:39:17 --> mysqli_sql_exception: Duplicate entry '127' for key 'PRIMARY' in C:\xampp\htdocs\ci4\ci4-krs\system\Database\MySQLi\Connection.php:292
Stack trace:
#0 C:\xampp\htdocs\ci4\ci4-krs\system\Database\MySQLi\Connection.php(292): mysqli->query('INSERT INTO `ma...', 0)
#1 C:\xampp\htdocs\ci4\ci4-krs\system\Database\BaseConnection.php(666): CodeIgniter\Database\MySQLi\Connection->execute('INSERT INTO `ma...')
#2 C:\xampp\htdocs\ci4\ci4-krs\system\Database\BaseConnection.php(593): CodeIgniter\Database\BaseConnection->simpleQuery('INSERT INTO `ma...')
#3 C:\xampp\htdocs\ci4\ci4-krs\system\Database\BaseBuilder.php(1916): CodeIgniter\Database\BaseConnection->query('INSERT INTO `ma...', Array, false)
#4 C:\xampp\htdocs\ci4\ci4-krs\system\Model.php(279): CodeIgniter\Database\BaseBuilder->insert()
#5 C:\xampp\htdocs\ci4\ci4-krs\system\BaseModel.php(749): CodeIgniter\Model->doInsert(Array)
#6 C:\xampp\htdocs\ci4\ci4-krs\system\Model.php(667): CodeIgniter\BaseModel->insert(Array, true)
#7 C:\xampp\htdocs\ci4\ci4-krs\app\Controllers\Mahasiswa.php(120): CodeIgniter\Model->insert(Array)
#8 C:\xampp\htdocs\ci4\ci4-krs\system\CodeIgniter.php(927): App\Controllers\Mahasiswa->prosesTambahMahasiswa()
#9 C:\xampp\htdocs\ci4\ci4-krs\system\CodeIgniter.php(482): CodeIgniter\CodeIgniter->runController(Object(App\Controllers\Mahasiswa))
#10 C:\xampp\htdocs\ci4\ci4-krs\system\CodeIgniter.php(351): CodeIgniter\CodeIgniter->handleRequest(NULL, Object(Config\Cache), false)
#11 C:\xampp\htdocs\ci4\ci4-krs\public\index.php(67): CodeIgniter\CodeIgniter->run()
#12 C:\xampp\htdocs\ci4\ci4-krs\system\Commands\Server\rewrite.php(46): require_once('C:\\xampp\\htdocs...')
#13 {main}
CRITICAL - 2022-11-28 00:39:17 --> Duplicate entry '127' for key 'PRIMARY'
in SYSTEMPATH\Database\MySQLi\Connection.php on line 292.
 1 SYSTEMPATH\Database\MySQLi\Connection.php(292): mysqli->query('INSERT INTO `mahasiswa` (`npm_mhs`, `nama_mhs`, `tgl_lahir_mhs`, `semester_mhs`, `jurusan_mhs`, `password_mhs`, `foto_mhs`) VALUES (\'20081010031\', \'Ranca Bonges\', \'2022-11-28\', \'SMTR2\', \'TIF\', \'123\', \'default.jpg\')', 0)
 2 SYSTEMPATH\Database\BaseConnection.php(666): CodeIgniter\Database\MySQLi\Connection->execute('INSERT INTO `mahasiswa` (`npm_mhs`, `nama_mhs`, `tgl_lahir_mhs`, `semester_mhs`, `jurusan_mhs`, `password_mhs`, `foto_mhs`) VALUES (\'20081010031\', \'Ranca Bonges\', \'2022-11-28\', \'SMTR2\', \'TIF\', \'123\', \'default.jpg\')')
 3 SYSTEMPATH\Database\BaseConnection.php(593): CodeIgniter\Database\BaseConnection->simpleQuery('INSERT INTO `mahasiswa` (`npm_mhs`, `nama_mhs`, `tgl_lahir_mhs`, `semester_mhs`, `jurusan_mhs`, `password_mhs`, `foto_mhs`) VALUES (\'20081010031\', \'Ranca Bonges\', \'2022-11-28\', \'SMTR2\', \'TIF\', \'123\', \'default.jpg\')')
 4 SYSTEMPATH\Database\BaseBuilder.php(1916): CodeIgniter\Database\BaseConnection->query('INSERT INTO `mahasiswa` (`npm_mhs`, `nama_mhs`, `tgl_lahir_mhs`, `semester_mhs`, `jurusan_mhs`, `password_mhs`, `foto_mhs`) VALUES (:npm_mhs:, :nama_mhs:, :tgl_lahir_mhs:, :semester_mhs:, :jurusan_mhs:, :password_mhs:, :foto_mhs:)', [...], false)
 5 SYSTEMPATH\Model.php(279): CodeIgniter\Database\BaseBuilder->insert()
 6 SYSTEMPATH\BaseModel.php(749): CodeIgniter\Model->doInsert([...])
 7 SYSTEMPATH\Model.php(667): CodeIgniter\BaseModel->insert([...], true)
 8 APPPATH\Controllers\Mahasiswa.php(120): CodeIgniter\Model->insert([...])
 9 SYSTEMPATH\CodeIgniter.php(927): App\Controllers\Mahasiswa->prosesTambahMahasiswa()
10 SYSTEMPATH\CodeIgniter.php(482): CodeIgniter\CodeIgniter->runController(Object(App\Controllers\Mahasiswa))
11 SYSTEMPATH\CodeIgniter.php(351): CodeIgniter\CodeIgniter->handleRequest(null, Object(Config\Cache), false)
12 FCPATH\index.php(67): CodeIgniter\CodeIgniter->run()
13 SYSTEMPATH\Commands\Server\rewrite.php(46): require_once('FCPATH\\index.php')
ERROR - 2022-11-28 00:51:56 --> mysqli_sql_exception: Unknown column 'kode_mahasiswa' in 'where clause' in C:\xampp\htdocs\ci4\ci4-krs\system\Database\MySQLi\Connection.php:292
Stack trace:
#0 C:\xampp\htdocs\ci4\ci4-krs\system\Database\MySQLi\Connection.php(292): mysqli->query('SELECT *\nFROM `...', 0)
#1 C:\xampp\htdocs\ci4\ci4-krs\system\Database\BaseConnection.php(666): CodeIgniter\Database\MySQLi\Connection->execute('SELECT *\nFROM `...')
#2 C:\xampp\htdocs\ci4\ci4-krs\system\Database\BaseConnection.php(593): CodeIgniter\Database\BaseConnection->simpleQuery('SELECT *\nFROM `...')
#3 C:\xampp\htdocs\ci4\ci4-krs\system\Database\BaseBuilder.php(1585): CodeIgniter\Database\BaseConnection->query('SELECT *\nFROM `...', Array, false)
#4 C:\xampp\htdocs\ci4\ci4-krs\system\Model.php(250): CodeIgniter\Database\BaseBuilder->get()
#5 C:\xampp\htdocs\ci4\ci4-krs\system\BaseModel.php(623): CodeIgniter\Model->doFirst()
#6 C:\xampp\htdocs\ci4\ci4-krs\app\Controllers\Mahasiswa.php(44): CodeIgniter\BaseModel->first()
#7 C:\xampp\htdocs\ci4\ci4-krs\system\CodeIgniter.php(927): App\Controllers\Mahasiswa->editMahasiswa('20081010031')
#8 C:\xampp\htdocs\ci4\ci4-krs\system\CodeIgniter.php(482): CodeIgniter\CodeIgniter->runController(Object(App\Controllers\Mahasiswa))
#9 C:\xampp\htdocs\ci4\ci4-krs\system\CodeIgniter.php(351): CodeIgniter\CodeIgniter->handleRequest(NULL, Object(Config\Cache), false)
#10 C:\xampp\htdocs\ci4\ci4-krs\public\index.php(67): CodeIgniter\CodeIgniter->run()
#11 C:\xampp\htdocs\ci4\ci4-krs\system\Commands\Server\rewrite.php(46): require_once('C:\\xampp\\htdocs...')
#12 {main}
CRITICAL - 2022-11-28 00:51:56 --> Unknown column 'kode_mahasiswa' in 'where clause'
in SYSTEMPATH\Database\MySQLi\Connection.php on line 292.
 1 SYSTEMPATH\Database\MySQLi\Connection.php(292): mysqli->query('SELECT *
FROM `mahasiswa`
WHERE `kode_mahasiswa` = \'20081010031\'
 LIMIT 1', 0)
 2 SYSTEMPATH\Database\BaseConnection.php(666): CodeIgniter\Database\MySQLi\Connection->execute('SELECT *
FROM `mahasiswa`
WHERE `kode_mahasiswa` = \'20081010031\'
 LIMIT 1')
 3 SYSTEMPATH\Database\BaseConnection.php(593): CodeIgniter\Database\BaseConnection->simpleQuery('SELECT *
FROM `mahasiswa`
WHERE `kode_mahasiswa` = \'20081010031\'
 LIMIT 1')
 4 SYSTEMPATH\Database\BaseBuilder.php(1585): CodeIgniter\Database\BaseConnection->query('SELECT *
FROM `mahasiswa`
WHERE `kode_mahasiswa` = :kode_mahasiswa:
 LIMIT 1', [...], false)
 5 SYSTEMPATH\Model.php(250): CodeIgniter\Database\BaseBuilder->get()
 6 SYSTEMPATH\BaseModel.php(623): CodeIgniter\Model->doFirst()
 7 APPPATH\Controllers\Mahasiswa.php(44): CodeIgniter\BaseModel->first()
 8 SYSTEMPATH\CodeIgniter.php(927): App\Controllers\Mahasiswa->editMahasiswa('20081010031')
 9 SYSTEMPATH\CodeIgniter.php(482): CodeIgniter\CodeIgniter->runController(Object(App\Controllers\Mahasiswa))
10 SYSTEMPATH\CodeIgniter.php(351): CodeIgniter\CodeIgniter->handleRequest(null, Object(Config\Cache), false)
11 FCPATH\index.php(67): CodeIgniter\CodeIgniter->run()
12 SYSTEMPATH\Commands\Server\rewrite.php(46): require_once('FCPATH\\index.php')
CRITICAL - 2022-11-28 01:05:00 --> syntax error, unexpected 'endif' (T_ENDIF)
in APPPATH\Views\mahasiswa\edit.php on line 46.
 1 SYSTEMPATH\View\View.php(216): CodeIgniter\View\View->CodeIgniter\View\{closure}()
 2 SYSTEMPATH\Common.php(1134): CodeIgniter\View\View->render('mahasiswa/edit', [], true)
 3 APPPATH\Controllers\Mahasiswa.php(49): view('mahasiswa/edit', [...])
 4 SYSTEMPATH\CodeIgniter.php(927): App\Controllers\Mahasiswa->editMahasiswa('20081010031')
 5 SYSTEMPATH\CodeIgniter.php(482): CodeIgniter\CodeIgniter->runController(Object(App\Controllers\Mahasiswa))
 6 SYSTEMPATH\CodeIgniter.php(351): CodeIgniter\CodeIgniter->handleRequest(null, Object(Config\Cache), false)
 7 FCPATH\index.php(67): CodeIgniter\CodeIgniter->run()
 8 SYSTEMPATH\Commands\Server\rewrite.php(46): require_once('FCPATH\\index.php')
CRITICAL - 2022-11-28 01:05:15 --> Undefined index: old_npm_mhs
in APPPATH\Views\mahasiswa\edit.php on line 28.
 1 APPPATH\Views\mahasiswa\edit.php(28): CodeIgniter\Debug\Exceptions->errorHandler(8, 'Undefined index: old_npm_mhs', 'APPPATH\\Views\\mahasiswa\\edit.php', 28, [...])
 2 SYSTEMPATH\View\View.php(213): include('APPPATH\\Views\\mahasiswa\\edit.php')
 3 SYSTEMPATH\View\View.php(216): CodeIgniter\View\View->CodeIgniter\View\{closure}()
 4 SYSTEMPATH\Common.php(1134): CodeIgniter\View\View->render('mahasiswa/edit', [], true)
 5 APPPATH\Controllers\Mahasiswa.php(49): view('mahasiswa/edit', [...])
 6 SYSTEMPATH\CodeIgniter.php(927): App\Controllers\Mahasiswa->editMahasiswa('20081010031')
 7 SYSTEMPATH\CodeIgniter.php(482): CodeIgniter\CodeIgniter->runController(Object(App\Controllers\Mahasiswa))
 8 SYSTEMPATH\CodeIgniter.php(351): CodeIgniter\CodeIgniter->handleRequest(null, Object(Config\Cache), false)
 9 FCPATH\index.php(67): CodeIgniter\CodeIgniter->run()
10 SYSTEMPATH\Commands\Server\rewrite.php(46): require_once('FCPATH\\index.php')
CRITICAL - 2022-11-28 01:05:35 --> Undefined index: old_npm_mhs
in APPPATH\Views\mahasiswa\edit.php on line 28.
 1 APPPATH\Views\mahasiswa\edit.php(28): CodeIgniter\Debug\Exceptions->errorHandler(8, 'Undefined index: old_npm_mhs', 'APPPATH\\Views\\mahasiswa\\edit.php', 28, [...])
 2 SYSTEMPATH\View\View.php(213): include('APPPATH\\Views\\mahasiswa\\edit.php')
 3 SYSTEMPATH\View\View.php(216): CodeIgniter\View\View->CodeIgniter\View\{closure}()
 4 SYSTEMPATH\Common.php(1134): CodeIgniter\View\View->render('mahasiswa/edit', [], true)
 5 APPPATH\Controllers\Mahasiswa.php(49): view('mahasiswa/edit', [...])
 6 SYSTEMPATH\CodeIgniter.php(927): App\Controllers\Mahasiswa->editMahasiswa('20081010031')
 7 SYSTEMPATH\CodeIgniter.php(482): CodeIgniter\CodeIgniter->runController(Object(App\Controllers\Mahasiswa))
 8 SYSTEMPATH\CodeIgniter.php(351): CodeIgniter\CodeIgniter->handleRequest(null, Object(Config\Cache), false)
 9 FCPATH\index.php(67): CodeIgniter\CodeIgniter->run()
10 SYSTEMPATH\Commands\Server\rewrite.php(46): require_once('FCPATH\\index.php')
CRITICAL - 2022-11-28 01:06:12 --> Undefined index: old_npm_mhs
in APPPATH\Views\mahasiswa\edit.php on line 28.
 1 APPPATH\Views\mahasiswa\edit.php(28): CodeIgniter\Debug\Exceptions->errorHandler(8, 'Undefined index: old_npm_mhs', 'APPPATH\\Views\\mahasiswa\\edit.php', 28, [...])
 2 SYSTEMPATH\View\View.php(213): include('APPPATH\\Views\\mahasiswa\\edit.php')
 3 SYSTEMPATH\View\View.php(216): CodeIgniter\View\View->CodeIgniter\View\{closure}()
 4 SYSTEMPATH\Common.php(1134): CodeIgniter\View\View->render('mahasiswa/edit', [], true)
 5 APPPATH\Controllers\Mahasiswa.php(49): view('mahasiswa/edit', [...])
 6 SYSTEMPATH\CodeIgniter.php(927): App\Controllers\Mahasiswa->editMahasiswa('20081010031')
 7 SYSTEMPATH\CodeIgniter.php(482): CodeIgniter\CodeIgniter->runController(Object(App\Controllers\Mahasiswa))
 8 SYSTEMPATH\CodeIgniter.php(351): CodeIgniter\CodeIgniter->handleRequest(null, Object(Config\Cache), false)
 9 FCPATH\index.php(67): CodeIgniter\CodeIgniter->run()
10 SYSTEMPATH\Commands\Server\rewrite.php(46): require_once('FCPATH\\index.php')
CRITICAL - 2022-11-28 01:06:28 --> Undefined index: old_npm_mhs
in APPPATH\Views\mahasiswa\edit.php on line 28.
 1 APPPATH\Views\mahasiswa\edit.php(28): CodeIgniter\Debug\Exceptions->errorHandler(8, 'Undefined index: old_npm_mhs', 'APPPATH\\Views\\mahasiswa\\edit.php', 28, [...])
 2 SYSTEMPATH\View\View.php(213): include('APPPATH\\Views\\mahasiswa\\edit.php')
 3 SYSTEMPATH\View\View.php(216): CodeIgniter\View\View->CodeIgniter\View\{closure}()
 4 SYSTEMPATH\Common.php(1134): CodeIgniter\View\View->render('mahasiswa/edit', [], true)
 5 APPPATH\Controllers\Mahasiswa.php(49): view('mahasiswa/edit', [...])
 6 SYSTEMPATH\CodeIgniter.php(927): App\Controllers\Mahasiswa->editMahasiswa('20081010031')
 7 SYSTEMPATH\CodeIgniter.php(482): CodeIgniter\CodeIgniter->runController(Object(App\Controllers\Mahasiswa))
 8 SYSTEMPATH\CodeIgniter.php(351): CodeIgniter\CodeIgniter->handleRequest(null, Object(Config\Cache), false)
 9 FCPATH\index.php(67): CodeIgniter\CodeIgniter->run()
10 SYSTEMPATH\Commands\Server\rewrite.php(46): require_once('FCPATH\\index.php')
CRITICAL - 2022-11-28 01:10:39 --> Undefined index: urusan_mhs
in APPPATH\Views\mahasiswa\edit.php on line 56.
 1 APPPATH\Views\mahasiswa\edit.php(56): CodeIgniter\Debug\Exceptions->errorHandler(8, 'Undefined index: urusan_mhs', 'APPPATH\\Views\\mahasiswa\\edit.php', 56, [...])
 2 SYSTEMPATH\View\View.php(213): include('APPPATH\\Views\\mahasiswa\\edit.php')
 3 SYSTEMPATH\View\View.php(216): CodeIgniter\View\View->CodeIgniter\View\{closure}()
 4 SYSTEMPATH\Common.php(1134): CodeIgniter\View\View->render('mahasiswa/edit', [], true)
 5 APPPATH\Controllers\Mahasiswa.php(49): view('mahasiswa/edit', [...])
 6 SYSTEMPATH\CodeIgniter.php(927): App\Controllers\Mahasiswa->editMahasiswa('20081010031')
 7 SYSTEMPATH\CodeIgniter.php(482): CodeIgniter\CodeIgniter->runController(Object(App\Controllers\Mahasiswa))
 8 SYSTEMPATH\CodeIgniter.php(351): CodeIgniter\CodeIgniter->handleRequest(null, Object(Config\Cache), false)
 9 FCPATH\index.php(67): CodeIgniter\CodeIgniter->run()
10 SYSTEMPATH\Commands\Server\rewrite.php(46): require_once('FCPATH\\index.php')
CRITICAL - 2022-11-28 01:30:32 --> Undefined property: App\Controllers\Auth::$m_AuthAdmin
in APPPATH\Controllers\Auth.php on line 25.
 1 APPPATH\Controllers\Auth.php(25): CodeIgniter\Debug\Exceptions->errorHandler(8, 'Undefined property: App\\Controllers\\Auth::$m_AuthAdmin', 'APPPATH\\Controllers\\Auth.php', 25, [...])
 2 SYSTEMPATH\CodeIgniter.php(927): App\Controllers\Auth->prosesLogin()
 3 SYSTEMPATH\CodeIgniter.php(482): CodeIgniter\CodeIgniter->runController(Object(App\Controllers\Auth))
 4 SYSTEMPATH\CodeIgniter.php(351): CodeIgniter\CodeIgniter->handleRequest(null, Object(Config\Cache), false)
 5 FCPATH\index.php(67): CodeIgniter\CodeIgniter->run()
 6 SYSTEMPATH\Commands\Server\rewrite.php(46): require_once('FCPATH\\index.php')
CRITICAL - 2022-11-28 23:48:30 --> Undefined variable: datafakultas
in APPPATH\Views\admin\dashboard.php on line 32.
 1 APPPATH\Views\admin\dashboard.php(32): CodeIgniter\Debug\Exceptions->errorHandler(8, 'Undefined variable: datafakultas', 'APPPATH\\Views\\admin\\dashboard.php', 32, [...])
 2 SYSTEMPATH\View\View.php(213): include('APPPATH\\Views\\admin\\dashboard.php')
 3 SYSTEMPATH\View\View.php(216): CodeIgniter\View\View->CodeIgniter\View\{closure}()
 4 SYSTEMPATH\Common.php(1134): CodeIgniter\View\View->render('admin/dashboard', [], true)
 5 APPPATH\Controllers\Admin.php(10): view('admin/dashboard')
 6 SYSTEMPATH\CodeIgniter.php(927): App\Controllers\Admin->dashboard()
 7 SYSTEMPATH\CodeIgniter.php(482): CodeIgniter\CodeIgniter->runController(Object(App\Controllers\Admin))
 8 SYSTEMPATH\CodeIgniter.php(351): CodeIgniter\CodeIgniter->handleRequest(null, Object(Config\Cache), false)
 9 FCPATH\index.php(67): CodeIgniter\CodeIgniter->run()
10 SYSTEMPATH\Commands\Server\rewrite.php(46): require_once('FCPATH\\index.php')
CRITICAL - 2022-11-28 23:49:42 --> Undefined variable: title
in APPPATH\Views\layouts\admin_layout.php on line 8.
 1 APPPATH\Views\layouts\admin_layout.php(8): CodeIgniter\Debug\Exceptions->errorHandler(8, 'Undefined variable: title', 'APPPATH\\Views\\layouts\\admin_layout.php', 8, [])
 2 SYSTEMPATH\View\View.php(213): include('APPPATH\\Views\\layouts\\admin_layout.php')
 3 SYSTEMPATH\View\View.php(216): CodeIgniter\View\View->CodeIgniter\View\{closure}()
 4 SYSTEMPATH\View\View.php(229): CodeIgniter\View\View->render('layouts/admin_layout', [], true)
 5 SYSTEMPATH\Common.php(1134): CodeIgniter\View\View->render('admin/dashboard', [], true)
 6 APPPATH\Controllers\Admin.php(10): view('admin/dashboard')
 7 SYSTEMPATH\CodeIgniter.php(927): App\Controllers\Admin->dashboard()
 8 SYSTEMPATH\CodeIgniter.php(482): CodeIgniter\CodeIgniter->runController(Object(App\Controllers\Admin))
 9 SYSTEMPATH\CodeIgniter.php(351): CodeIgniter\CodeIgniter->handleRequest(null, Object(Config\Cache), false)
10 FCPATH\index.php(67): CodeIgniter\CodeIgniter->run()
11 SYSTEMPATH\Commands\Server\rewrite.php(46): require_once('FCPATH\\index.php')
CRITICAL - 2022-11-28 23:50:04 --> Undefined variable: title
in APPPATH\Views\layouts\admin_layout.php on line 8.
 1 APPPATH\Views\layouts\admin_layout.php(8): CodeIgniter\Debug\Exceptions->errorHandler(8, 'Undefined variable: title', 'APPPATH\\Views\\layouts\\admin_layout.php', 8, [])
 2 SYSTEMPATH\View\View.php(213): include('APPPATH\\Views\\layouts\\admin_layout.php')
 3 SYSTEMPATH\View\View.php(216): CodeIgniter\View\View->CodeIgniter\View\{closure}()
 4 SYSTEMPATH\View\View.php(229): CodeIgniter\View\View->render('layouts/admin_layout', [], true)
 5 SYSTEMPATH\Common.php(1134): CodeIgniter\View\View->render('admin/dashboard', [], true)
 6 APPPATH\Controllers\Admin.php(10): view('admin/dashboard')
 7 SYSTEMPATH\CodeIgniter.php(927): App\Controllers\Admin->dashboard()
 8 SYSTEMPATH\CodeIgniter.php(482): CodeIgniter\CodeIgniter->runController(Object(App\Controllers\Admin))
 9 SYSTEMPATH\CodeIgniter.php(351): CodeIgniter\CodeIgniter->handleRequest(null, Object(Config\Cache), false)
10 FCPATH\index.php(67): CodeIgniter\CodeIgniter->run()
11 SYSTEMPATH\Commands\Server\rewrite.php(46): require_once('FCPATH\\index.php')
CRITICAL - 2022-11-28 23:51:34 --> Undefined variable: title
in APPPATH\Views\layouts\admin_layout.php on line 8.
 1 APPPATH\Views\layouts\admin_layout.php(8): CodeIgniter\Debug\Exceptions->errorHandler(8, 'Undefined variable: title', 'APPPATH\\Views\\layouts\\admin_layout.php', 8, [])
 2 SYSTEMPATH\View\View.php(213): include('APPPATH\\Views\\layouts\\admin_layout.php')
 3 SYSTEMPATH\View\View.php(216): CodeIgniter\View\View->CodeIgniter\View\{closure}()
 4 SYSTEMPATH\View\View.php(229): CodeIgniter\View\View->render('layouts/admin_layout', [], true)
 5 SYSTEMPATH\Common.php(1134): CodeIgniter\View\View->render('admin/dashboard', [], true)
 6 APPPATH\Controllers\Admin.php(13): view('admin/dashboard')
 7 SYSTEMPATH\CodeIgniter.php(927): App\Controllers\Admin->dashboard()
 8 SYSTEMPATH\CodeIgniter.php(482): CodeIgniter\CodeIgniter->runController(Object(App\Controllers\Admin))
 9 SYSTEMPATH\CodeIgniter.php(351): CodeIgniter\CodeIgniter->handleRequest(null, Object(Config\Cache), false)
10 FCPATH\index.php(67): CodeIgniter\CodeIgniter->run()
11 SYSTEMPATH\Commands\Server\rewrite.php(46): require_once('FCPATH\\index.php')
