CRITICAL - 2022-11-25 00:28:43 --> syntax error, unexpected '=>' (T_DOUBLE_ARROW), expecting ')'
in APPPATH\Controllers\Fakultas.php on line 45.
 1 SYSTEMPATH\Autoloader\Autoloader.php(259): CodeIgniter\Autoloader\Autoloader->includeFile('APPPATH\\Controllers\\Fakultas.php')
 2 SYSTEMPATH\Autoloader\Autoloader.php(237): CodeIgniter\Autoloader\Autoloader->loadInNamespace('App\\Controllers\\Fakultas')
 3 [internal function]: CodeIgniter\Autoloader\Autoloader->loadClass('App\\Controllers\\Fakultas')
 4 [internal function]: spl_autoload_call('App\\Controllers\\Fakultas')
 5 SYSTEMPATH\CodeIgniter.php(877): class_exists('\\App\\Controllers\\Fakultas', true)
 6 SYSTEMPATH\CodeIgniter.php(469): CodeIgniter\CodeIgniter->startController()
 7 SYSTEMPATH\CodeIgniter.php(351): CodeIgniter\CodeIgniter->handleRequest(null, Object(Config\Cache), false)
 8 FCPATH\index.php(67): CodeIgniter\CodeIgniter->run()
 9 SYSTEMPATH\Commands\Server\rewrite.php(46): require_once('FCPATH\\index.php')
CRITICAL - 2022-11-25 01:13:24 --> Undefined variable: siswa
in APPPATH\Views\fakultas\index.php on line 44.
 1 APPPATH\Views\fakultas\index.php(44): CodeIgniter\Debug\Exceptions->errorHandler(8, 'Undefined variable: siswa', 'APPPATH\\Views\\fakultas\\index.php', 44, [...])
 2 SYSTEMPATH\View\View.php(213): include('APPPATH\\Views\\fakultas\\index.php')
 3 SYSTEMPATH\View\View.php(216): CodeIgniter\View\View->CodeIgniter\View\{closure}()
 4 SYSTEMPATH\Common.php(1134): CodeIgniter\View\View->render('fakultas/index', [], true)
 5 APPPATH\Controllers\Fakultas.php(22): view('fakultas/index', [...])
 6 SYSTEMPATH\CodeIgniter.php(927): App\Controllers\Fakultas->listFakultas()
 7 SYSTEMPATH\CodeIgniter.php(482): CodeIgniter\CodeIgniter->runController(Object(App\Controllers\Fakultas))
 8 SYSTEMPATH\CodeIgniter.php(351): CodeIgniter\CodeIgniter->handleRequest(null, Object(Config\Cache), false)
 9 FCPATH\index.php(67): CodeIgniter\CodeIgniter->run()
10 SYSTEMPATH\Commands\Server\rewrite.php(46): require_once('FCPATH\\index.php')
CRITICAL - 2022-11-25 01:16:46 --> Array callback has to contain indices 0 and 1
in APPPATH\Views\fakultas\index.php on line 44.
 1 SYSTEMPATH\View\View.php(213): include()
 2 SYSTEMPATH\View\View.php(216): CodeIgniter\View\View->CodeIgniter\View\{closure}()
 3 SYSTEMPATH\Common.php(1134): CodeIgniter\View\View->render('fakultas/index', [], true)
 4 APPPATH\Controllers\Fakultas.php(22): view('fakultas/index', [...])
 5 SYSTEMPATH\CodeIgniter.php(927): App\Controllers\Fakultas->listFakultas()
 6 SYSTEMPATH\CodeIgniter.php(482): CodeIgniter\CodeIgniter->runController(Object(App\Controllers\Fakultas))
 7 SYSTEMPATH\CodeIgniter.php(351): CodeIgniter\CodeIgniter->handleRequest(null, Object(Config\Cache), false)
 8 FCPATH\index.php(67): CodeIgniter\CodeIgniter->run()
 9 SYSTEMPATH\Commands\Server\rewrite.php(46): require_once('FCPATH\\index.php')
CRITICAL - 2022-11-25 01:16:51 --> Array callback has to contain indices 0 and 1
in APPPATH\Views\fakultas\index.php on line 44.
 1 SYSTEMPATH\View\View.php(213): include()
 2 SYSTEMPATH\View\View.php(216): CodeIgniter\View\View->CodeIgniter\View\{closure}()
 3 SYSTEMPATH\Common.php(1134): CodeIgniter\View\View->render('fakultas/index', [], true)
 4 APPPATH\Controllers\Fakultas.php(22): view('fakultas/index', [...])
 5 SYSTEMPATH\CodeIgniter.php(927): App\Controllers\Fakultas->listFakultas()
 6 SYSTEMPATH\CodeIgniter.php(482): CodeIgniter\CodeIgniter->runController(Object(App\Controllers\Fakultas))
 7 SYSTEMPATH\CodeIgniter.php(351): CodeIgniter\CodeIgniter->handleRequest(null, Object(Config\Cache), false)
 8 FCPATH\index.php(67): CodeIgniter\CodeIgniter->run()
 9 SYSTEMPATH\Commands\Server\rewrite.php(46): require_once('FCPATH\\index.php')
CRITICAL - 2022-11-25 01:28:26 --> syntax error, unexpected 'return' (T_RETURN)
in APPPATH\Controllers\Fakultas.php on line 40.
 1 SYSTEMPATH\Autoloader\Autoloader.php(259): CodeIgniter\Autoloader\Autoloader->includeFile('APPPATH\\Controllers\\Fakultas.php')
 2 SYSTEMPATH\Autoloader\Autoloader.php(237): CodeIgniter\Autoloader\Autoloader->loadInNamespace('App\\Controllers\\Fakultas')
 3 [internal function]: CodeIgniter\Autoloader\Autoloader->loadClass('App\\Controllers\\Fakultas')
 4 [internal function]: spl_autoload_call('App\\Controllers\\Fakultas')
 5 SYSTEMPATH\CodeIgniter.php(877): class_exists('\\App\\Controllers\\Fakultas', true)
 6 SYSTEMPATH\CodeIgniter.php(469): CodeIgniter\CodeIgniter->startController()
 7 SYSTEMPATH\CodeIgniter.php(351): CodeIgniter\CodeIgniter->handleRequest(null, Object(Config\Cache), false)
 8 FCPATH\index.php(67): CodeIgniter\CodeIgniter->run()
 9 SYSTEMPATH\Commands\Server\rewrite.php(46): require_once('FCPATH\\index.php')
CRITICAL - 2022-11-25 01:36:17 --> syntax error, unexpected '}', expecting end of file
in APPPATH\Controllers\Fakultas.php on line 116.
 1 SYSTEMPATH\Autoloader\Autoloader.php(259): CodeIgniter\Autoloader\Autoloader->includeFile('APPPATH\\Controllers\\Fakultas.php')
 2 SYSTEMPATH\Autoloader\Autoloader.php(237): CodeIgniter\Autoloader\Autoloader->loadInNamespace('App\\Controllers\\Fakultas')
 3 [internal function]: CodeIgniter\Autoloader\Autoloader->loadClass('App\\Controllers\\Fakultas')
 4 [internal function]: spl_autoload_call('App\\Controllers\\Fakultas')
 5 SYSTEMPATH\CodeIgniter.php(877): class_exists('\\App\\Controllers\\Fakultas', true)
 6 SYSTEMPATH\CodeIgniter.php(469): CodeIgniter\CodeIgniter->startController()
 7 SYSTEMPATH\CodeIgniter.php(351): CodeIgniter\CodeIgniter->handleRequest(null, Object(Config\Cache), false)
 8 FCPATH\index.php(67): CodeIgniter\CodeIgniter->run()
 9 SYSTEMPATH\Commands\Server\rewrite.php(46): require_once('FCPATH\\index.php')
CRITICAL - 2022-11-25 02:04:01 --> Undefined variable: datafakultas
in APPPATH\Views\jurusan\index.php on line 32.
 1 APPPATH\Views\jurusan\index.php(32): CodeIgniter\Debug\Exceptions->errorHandler(8, 'Undefined variable: datafakultas', 'APPPATH\\Views\\jurusan\\index.php', 32, [...])
 2 SYSTEMPATH\View\View.php(213): include('APPPATH\\Views\\jurusan\\index.php')
 3 SYSTEMPATH\View\View.php(216): CodeIgniter\View\View->CodeIgniter\View\{closure}()
 4 SYSTEMPATH\Common.php(1134): CodeIgniter\View\View->render('jurusan/index', [], true)
 5 APPPATH\Controllers\Jurusan.php(25): view('jurusan/index', [...])
 6 SYSTEMPATH\CodeIgniter.php(927): App\Controllers\Jurusan->listJurusan()
 7 SYSTEMPATH\CodeIgniter.php(482): CodeIgniter\CodeIgniter->runController(Object(App\Controllers\Jurusan))
 8 SYSTEMPATH\CodeIgniter.php(351): CodeIgniter\CodeIgniter->handleRequest(null, Object(Config\Cache), false)
 9 FCPATH\index.php(67): CodeIgniter\CodeIgniter->run()
10 SYSTEMPATH\Commands\Server\rewrite.php(46): require_once('FCPATH\\index.php')
CRITICAL - 2022-11-25 02:05:53 --> Undefined variable: datafakultas
in APPPATH\Views\jurusan\index.php on line 32.
 1 APPPATH\Views\jurusan\index.php(32): CodeIgniter\Debug\Exceptions->errorHandler(8, 'Undefined variable: datafakultas', 'APPPATH\\Views\\jurusan\\index.php', 32, [...])
 2 SYSTEMPATH\View\View.php(213): include('APPPATH\\Views\\jurusan\\index.php')
 3 SYSTEMPATH\View\View.php(216): CodeIgniter\View\View->CodeIgniter\View\{closure}()
 4 SYSTEMPATH\Common.php(1134): CodeIgniter\View\View->render('jurusan/index', [], true)
 5 APPPATH\Controllers\Jurusan.php(25): view('jurusan/index', [...])
 6 SYSTEMPATH\CodeIgniter.php(927): App\Controllers\Jurusan->listJurusan()
 7 SYSTEMPATH\CodeIgniter.php(482): CodeIgniter\CodeIgniter->runController(Object(App\Controllers\Jurusan))
 8 SYSTEMPATH\CodeIgniter.php(351): CodeIgniter\CodeIgniter->handleRequest(null, Object(Config\Cache), false)
 9 FCPATH\index.php(67): CodeIgniter\CodeIgniter->run()
10 SYSTEMPATH\Commands\Server\rewrite.php(46): require_once('FCPATH\\index.php')
CRITICAL - 2022-11-25 02:06:40 --> Undefined variable: datafakultas
in APPPATH\Views\jurusan\index.php on line 32.
 1 APPPATH\Views\jurusan\index.php(32): CodeIgniter\Debug\Exceptions->errorHandler(8, 'Undefined variable: datafakultas', 'APPPATH\\Views\\jurusan\\index.php', 32, [...])
 2 SYSTEMPATH\View\View.php(213): include('APPPATH\\Views\\jurusan\\index.php')
 3 SYSTEMPATH\View\View.php(216): CodeIgniter\View\View->CodeIgniter\View\{closure}()
 4 SYSTEMPATH\Common.php(1134): CodeIgniter\View\View->render('jurusan/index', [], true)
 5 APPPATH\Controllers\Jurusan.php(25): view('jurusan/index', [...])
 6 SYSTEMPATH\CodeIgniter.php(927): App\Controllers\Jurusan->listJurusan()
 7 SYSTEMPATH\CodeIgniter.php(482): CodeIgniter\CodeIgniter->runController(Object(App\Controllers\Jurusan))
 8 SYSTEMPATH\CodeIgniter.php(351): CodeIgniter\CodeIgniter->handleRequest(null, Object(Config\Cache), false)
 9 FCPATH\index.php(67): CodeIgniter\CodeIgniter->run()
10 SYSTEMPATH\Commands\Server\rewrite.php(46): require_once('FCPATH\\index.php')
CRITICAL - 2022-11-25 02:24:19 --> syntax error, unexpected ';', expecting ']'
in APPPATH\Controllers\Jurusan.php on line 32.
 1 SYSTEMPATH\Autoloader\Autoloader.php(259): CodeIgniter\Autoloader\Autoloader->includeFile('APPPATH\\Controllers\\Jurusan.php')
 2 SYSTEMPATH\Autoloader\Autoloader.php(237): CodeIgniter\Autoloader\Autoloader->loadInNamespace('App\\Controllers\\Jurusan')
 3 [internal function]: CodeIgniter\Autoloader\Autoloader->loadClass('App\\Controllers\\Jurusan')
 4 [internal function]: spl_autoload_call('App\\Controllers\\Jurusan')
 5 SYSTEMPATH\CodeIgniter.php(877): class_exists('\\App\\Controllers\\Jurusan', true)
 6 SYSTEMPATH\CodeIgniter.php(469): CodeIgniter\CodeIgniter->startController()
 7 SYSTEMPATH\CodeIgniter.php(351): CodeIgniter\CodeIgniter->handleRequest(null, Object(Config\Cache), false)
 8 FCPATH\index.php(67): CodeIgniter\CodeIgniter->run()
 9 SYSTEMPATH\Commands\Server\rewrite.php(46): require_once('FCPATH\\index.php')
CRITICAL - 2022-11-25 02:28:15 --> Undefined variable: fakultas
in APPPATH\Views\jurusan\index.php on line 48.
 1 APPPATH\Views\jurusan\index.php(48): CodeIgniter\Debug\Exceptions->errorHandler(8, 'Undefined variable: fakultas', 'APPPATH\\Views\\jurusan\\index.php', 48, [...])
 2 SYSTEMPATH\View\View.php(213): include('APPPATH\\Views\\jurusan\\index.php')
 3 SYSTEMPATH\View\View.php(216): CodeIgniter\View\View->CodeIgniter\View\{closure}()
 4 SYSTEMPATH\Common.php(1134): CodeIgniter\View\View->render('jurusan/index', [], true)
 5 APPPATH\Controllers\Jurusan.php(25): view('jurusan/index', [...])
 6 SYSTEMPATH\CodeIgniter.php(927): App\Controllers\Jurusan->listJurusan()
 7 SYSTEMPATH\CodeIgniter.php(482): CodeIgniter\CodeIgniter->runController(Object(App\Controllers\Jurusan))
 8 SYSTEMPATH\CodeIgniter.php(351): CodeIgniter\CodeIgniter->handleRequest(null, Object(Config\Cache), false)
 9 FCPATH\index.php(67): CodeIgniter\CodeIgniter->run()
10 SYSTEMPATH\Commands\Server\rewrite.php(46): require_once('FCPATH\\index.php')
ERROR - 2022-11-25 02:45:13 --> mysqli_sql_exception: Duplicate entry 'TIF' for key 'PRIMARY' in C:\xampp\htdocs\ci4\ci4-krs\system\Database\MySQLi\Connection.php:292
Stack trace:
#0 C:\xampp\htdocs\ci4\ci4-krs\system\Database\MySQLi\Connection.php(292): mysqli->query('INSERT INTO `ju...', 0)
#1 C:\xampp\htdocs\ci4\ci4-krs\system\Database\BaseConnection.php(666): CodeIgniter\Database\MySQLi\Connection->execute('INSERT INTO `ju...')
#2 C:\xampp\htdocs\ci4\ci4-krs\system\Database\BaseConnection.php(593): CodeIgniter\Database\BaseConnection->simpleQuery('INSERT INTO `ju...')
#3 C:\xampp\htdocs\ci4\ci4-krs\system\Database\BaseBuilder.php(1916): CodeIgniter\Database\BaseConnection->query('INSERT INTO `ju...', Array, false)
#4 C:\xampp\htdocs\ci4\ci4-krs\system\Model.php(279): CodeIgniter\Database\BaseBuilder->insert()
#5 C:\xampp\htdocs\ci4\ci4-krs\system\BaseModel.php(749): CodeIgniter\Model->doInsert(Array)
#6 C:\xampp\htdocs\ci4\ci4-krs\system\Model.php(667): CodeIgniter\BaseModel->insert(Array, true)
#7 C:\xampp\htdocs\ci4\ci4-krs\app\Controllers\Jurusan.php(91): CodeIgniter\Model->insert(Array)
#8 C:\xampp\htdocs\ci4\ci4-krs\system\CodeIgniter.php(927): App\Controllers\Jurusan->prosesTambahJurusan()
#9 C:\xampp\htdocs\ci4\ci4-krs\system\CodeIgniter.php(482): CodeIgniter\CodeIgniter->runController(Object(App\Controllers\Jurusan))
#10 C:\xampp\htdocs\ci4\ci4-krs\system\CodeIgniter.php(351): CodeIgniter\CodeIgniter->handleRequest(NULL, Object(Config\Cache), false)
#11 C:\xampp\htdocs\ci4\ci4-krs\public\index.php(67): CodeIgniter\CodeIgniter->run()
#12 C:\xampp\htdocs\ci4\ci4-krs\system\Commands\Server\rewrite.php(46): require_once('C:\\xampp\\htdocs...')
#13 {main}
CRITICAL - 2022-11-25 02:45:13 --> Duplicate entry 'TIF' for key 'PRIMARY'
in SYSTEMPATH\Database\MySQLi\Connection.php on line 292.
 1 SYSTEMPATH\Database\MySQLi\Connection.php(292): mysqli->query('INSERT INTO `jurusan` (`kode_jurusan`, `nama_jurusan`, `kode_fakultas`) VALUES (\'TIF\', \'Teknik Informatika\', \'FE \')', 0)
 2 SYSTEMPATH\Database\BaseConnection.php(666): CodeIgniter\Database\MySQLi\Connection->execute('INSERT INTO `jurusan` (`kode_jurusan`, `nama_jurusan`, `kode_fakultas`) VALUES (\'TIF\', \'Teknik Informatika\', \'FE \')')
 3 SYSTEMPATH\Database\BaseConnection.php(593): CodeIgniter\Database\BaseConnection->simpleQuery('INSERT INTO `jurusan` (`kode_jurusan`, `nama_jurusan`, `kode_fakultas`) VALUES (\'TIF\', \'Teknik Informatika\', \'FE \')')
 4 SYSTEMPATH\Database\BaseBuilder.php(1916): CodeIgniter\Database\BaseConnection->query('INSERT INTO `jurusan` (`kode_jurusan`, `nama_jurusan`, `kode_fakultas`) VALUES (:kode_jurusan:, :nama_jurusan:, :kode_fakultas:)', [...], false)
 5 SYSTEMPATH\Model.php(279): CodeIgniter\Database\BaseBuilder->insert()
 6 SYSTEMPATH\BaseModel.php(749): CodeIgniter\Model->doInsert([...])
 7 SYSTEMPATH\Model.php(667): CodeIgniter\BaseModel->insert([...], true)
 8 APPPATH\Controllers\Jurusan.php(91): CodeIgniter\Model->insert([...])
 9 SYSTEMPATH\CodeIgniter.php(927): App\Controllers\Jurusan->prosesTambahJurusan()
10 SYSTEMPATH\CodeIgniter.php(482): CodeIgniter\CodeIgniter->runController(Object(App\Controllers\Jurusan))
11 SYSTEMPATH\CodeIgniter.php(351): CodeIgniter\CodeIgniter->handleRequest(null, Object(Config\Cache), false)
12 FCPATH\index.php(67): CodeIgniter\CodeIgniter->run()
13 SYSTEMPATH\Commands\Server\rewrite.php(46): require_once('FCPATH\\index.php')
