CRITICAL - 2022-12-04 00:31:59 --> Too few arguments to function App\Models\m_Custom::getMKSemester1(), 1 passed in C:\xampp\htdocs\ci4\ci4-krs\app\Controllers\Mahasiswa.php on line 359 and exactly 2 expected
in APPPATH\Models\m_Custom.php on line 9.
 1 APPPATH\Controllers\Mahasiswa.php(359): App\Models\m_Custom->getMKSemester1('SMTR1')
 2 SYSTEMPATH\CodeIgniter.php(927): App\Controllers\Mahasiswa->krs()
 3 SYSTEMPATH\CodeIgniter.php(482): CodeIgniter\CodeIgniter->runController(Object(App\Controllers\Mahasiswa))
 4 SYSTEMPATH\CodeIgniter.php(351): CodeIgniter\CodeIgniter->handleRequest(null, Object(Config\Cache), false)
 5 FCPATH\index.php(67): CodeIgniter\CodeIgniter->run()
 6 SYSTEMPATH\Commands\Server\rewrite.php(46): require_once('FCPATH\\index.php')
CRITICAL - 2022-12-04 00:39:13 --> Too few arguments to function App\Models\m_Custom::getMKSemester1(), 1 passed in C:\xampp\htdocs\ci4\ci4-krs\app\Controllers\Mahasiswa.php on line 359 and exactly 2 expected
in APPPATH\Models\m_Custom.php on line 9.
 1 APPPATH\Controllers\Mahasiswa.php(359): App\Models\m_Custom->getMKSemester1('SMTR1')
 2 SYSTEMPATH\CodeIgniter.php(927): App\Controllers\Mahasiswa->krs()
 3 SYSTEMPATH\CodeIgniter.php(482): CodeIgniter\CodeIgniter->runController(Object(App\Controllers\Mahasiswa))
 4 SYSTEMPATH\CodeIgniter.php(351): CodeIgniter\CodeIgniter->handleRequest(null, Object(Config\Cache), false)
 5 FCPATH\index.php(67): CodeIgniter\CodeIgniter->run()
 6 SYSTEMPATH\Commands\Server\rewrite.php(46): require_once('FCPATH\\index.php')
CRITICAL - 2022-12-04 00:39:23 --> Too few arguments to function App\Models\m_Custom::getMKSemester1(), 1 passed in C:\xampp\htdocs\ci4\ci4-krs\app\Controllers\Mahasiswa.php on line 359 and exactly 2 expected
in APPPATH\Models\m_Custom.php on line 9.
 1 APPPATH\Controllers\Mahasiswa.php(359): App\Models\m_Custom->getMKSemester1('SMTR1')
 2 SYSTEMPATH\CodeIgniter.php(927): App\Controllers\Mahasiswa->krs()
 3 SYSTEMPATH\CodeIgniter.php(482): CodeIgniter\CodeIgniter->runController(Object(App\Controllers\Mahasiswa))
 4 SYSTEMPATH\CodeIgniter.php(351): CodeIgniter\CodeIgniter->handleRequest(null, Object(Config\Cache), false)
 5 FCPATH\index.php(67): CodeIgniter\CodeIgniter->run()
 6 SYSTEMPATH\Commands\Server\rewrite.php(46): require_once('FCPATH\\index.php')
CRITICAL - 2022-12-04 00:44:43 --> Too few arguments to function App\Models\m_Custom::getMKSemester1(), 1 passed in C:\xampp\htdocs\ci4\ci4-krs\app\Controllers\Mahasiswa.php on line 359 and exactly 2 expected
in APPPATH\Models\m_Custom.php on line 9.
 1 APPPATH\Controllers\Mahasiswa.php(359): App\Models\m_Custom->getMKSemester1('SMTR1')
 2 SYSTEMPATH\CodeIgniter.php(927): App\Controllers\Mahasiswa->krs()
 3 SYSTEMPATH\CodeIgniter.php(482): CodeIgniter\CodeIgniter->runController(Object(App\Controllers\Mahasiswa))
 4 SYSTEMPATH\CodeIgniter.php(351): CodeIgniter\CodeIgniter->handleRequest(null, Object(Config\Cache), false)
 5 FCPATH\index.php(67): CodeIgniter\CodeIgniter->run()
 6 SYSTEMPATH\Commands\Server\rewrite.php(46): require_once('FCPATH\\index.php')
CRITICAL - 2022-12-04 00:44:47 --> Too few arguments to function App\Models\m_Custom::getMKSemester1(), 1 passed in C:\xampp\htdocs\ci4\ci4-krs\app\Controllers\Mahasiswa.php on line 359 and exactly 2 expected
in APPPATH\Models\m_Custom.php on line 9.
 1 APPPATH\Controllers\Mahasiswa.php(359): App\Models\m_Custom->getMKSemester1('SMTR1')
 2 SYSTEMPATH\CodeIgniter.php(927): App\Controllers\Mahasiswa->krs()
 3 SYSTEMPATH\CodeIgniter.php(482): CodeIgniter\CodeIgniter->runController(Object(App\Controllers\Mahasiswa))
 4 SYSTEMPATH\CodeIgniter.php(351): CodeIgniter\CodeIgniter->handleRequest(null, Object(Config\Cache), false)
 5 FCPATH\index.php(67): CodeIgniter\CodeIgniter->run()
 6 SYSTEMPATH\Commands\Server\rewrite.php(46): require_once('FCPATH\\index.php')
CRITICAL - 2022-12-04 00:52:33 --> syntax error, unexpected '=>' (T_DOUBLE_ARROW)
in APPPATH\Controllers\Mahasiswa.php on line 356.
 1 SYSTEMPATH\Autoloader\Autoloader.php(259): CodeIgniter\Autoloader\Autoloader->includeFile('APPPATH\\Controllers\\Mahasiswa.php')
 2 SYSTEMPATH\Autoloader\Autoloader.php(237): CodeIgniter\Autoloader\Autoloader->loadInNamespace('App\\Controllers\\Mahasiswa')
 3 [internal function]: CodeIgniter\Autoloader\Autoloader->loadClass('App\\Controllers\\Mahasiswa')
 4 [internal function]: spl_autoload_call('App\\Controllers\\Mahasiswa')
 5 SYSTEMPATH\CodeIgniter.php(877): class_exists('\\App\\Controllers\\Mahasiswa', true)
 6 SYSTEMPATH\CodeIgniter.php(469): CodeIgniter\CodeIgniter->startController()
 7 SYSTEMPATH\CodeIgniter.php(351): CodeIgniter\CodeIgniter->handleRequest(null, Object(Config\Cache), false)
 8 FCPATH\index.php(67): CodeIgniter\CodeIgniter->run()
 9 SYSTEMPATH\Commands\Server\rewrite.php(46): require_once('FCPATH\\index.php')
CRITICAL - 2022-12-04 00:52:49 --> syntax error, unexpected ','
in APPPATH\Controllers\Mahasiswa.php on line 356.
 1 SYSTEMPATH\Autoloader\Autoloader.php(259): CodeIgniter\Autoloader\Autoloader->includeFile('APPPATH\\Controllers\\Mahasiswa.php')
 2 SYSTEMPATH\Autoloader\Autoloader.php(237): CodeIgniter\Autoloader\Autoloader->loadInNamespace('App\\Controllers\\Mahasiswa')
 3 [internal function]: CodeIgniter\Autoloader\Autoloader->loadClass('App\\Controllers\\Mahasiswa')
 4 [internal function]: spl_autoload_call('App\\Controllers\\Mahasiswa')
 5 SYSTEMPATH\CodeIgniter.php(877): class_exists('\\App\\Controllers\\Mahasiswa', true)
 6 SYSTEMPATH\CodeIgniter.php(469): CodeIgniter\CodeIgniter->startController()
 7 SYSTEMPATH\CodeIgniter.php(351): CodeIgniter\CodeIgniter->handleRequest(null, Object(Config\Cache), false)
 8 FCPATH\index.php(67): CodeIgniter\CodeIgniter->run()
 9 SYSTEMPATH\Commands\Server\rewrite.php(46): require_once('FCPATH\\index.php')
CRITICAL - 2022-12-04 00:53:00 --> Undefined variable: dataMataKuliahS1
in APPPATH\Views\krs\index.php on line 43.
 1 APPPATH\Views\krs\index.php(43): CodeIgniter\Debug\Exceptions->errorHandler(8, 'Undefined variable: dataMataKuliahS1', 'APPPATH\\Views\\krs\\index.php', 43, [...])
 2 SYSTEMPATH\View\View.php(213): include('APPPATH\\Views\\krs\\index.php')
 3 SYSTEMPATH\View\View.php(216): CodeIgniter\View\View->CodeIgniter\View\{closure}()
 4 SYSTEMPATH\Common.php(1134): CodeIgniter\View\View->render('krs/index', [], true)
 5 APPPATH\Controllers\Mahasiswa.php(370): view('krs/index', [...])
 6 SYSTEMPATH\CodeIgniter.php(927): App\Controllers\Mahasiswa->krs()
 7 SYSTEMPATH\CodeIgniter.php(482): CodeIgniter\CodeIgniter->runController(Object(App\Controllers\Mahasiswa))
 8 SYSTEMPATH\CodeIgniter.php(351): CodeIgniter\CodeIgniter->handleRequest(null, Object(Config\Cache), false)
 9 FCPATH\index.php(67): CodeIgniter\CodeIgniter->run()
10 SYSTEMPATH\Commands\Server\rewrite.php(46): require_once('FCPATH\\index.php')
CRITICAL - 2022-12-04 01:09:09 --> Undefined variable: dataMataKuliahS2
in APPPATH\Views\krs\index.php on line 67.
 1 APPPATH\Views\krs\index.php(67): CodeIgniter\Debug\Exceptions->errorHandler(8, 'Undefined variable: dataMataKuliahS2', 'APPPATH\\Views\\krs\\index.php', 67, [...])
 2 SYSTEMPATH\View\View.php(213): include('APPPATH\\Views\\krs\\index.php')
 3 SYSTEMPATH\View\View.php(216): CodeIgniter\View\View->CodeIgniter\View\{closure}()
 4 SYSTEMPATH\Common.php(1134): CodeIgniter\View\View->render('krs/index', [], true)
 5 APPPATH\Controllers\Mahasiswa.php(370): view('krs/index', [...])
 6 SYSTEMPATH\CodeIgniter.php(927): App\Controllers\Mahasiswa->krs()
 7 SYSTEMPATH\CodeIgniter.php(482): CodeIgniter\CodeIgniter->runController(Object(App\Controllers\Mahasiswa))
 8 SYSTEMPATH\CodeIgniter.php(351): CodeIgniter\CodeIgniter->handleRequest(null, Object(Config\Cache), false)
 9 FCPATH\index.php(67): CodeIgniter\CodeIgniter->run()
10 SYSTEMPATH\Commands\Server\rewrite.php(46): require_once('FCPATH\\index.php')
CRITICAL - 2022-12-04 01:09:12 --> Undefined variable: dataMataKuliahS2
in APPPATH\Views\krs\index.php on line 67.
 1 APPPATH\Views\krs\index.php(67): CodeIgniter\Debug\Exceptions->errorHandler(8, 'Undefined variable: dataMataKuliahS2', 'APPPATH\\Views\\krs\\index.php', 67, [...])
 2 SYSTEMPATH\View\View.php(213): include('APPPATH\\Views\\krs\\index.php')
 3 SYSTEMPATH\View\View.php(216): CodeIgniter\View\View->CodeIgniter\View\{closure}()
 4 SYSTEMPATH\Common.php(1134): CodeIgniter\View\View->render('krs/index', [], true)
 5 APPPATH\Controllers\Mahasiswa.php(370): view('krs/index', [...])
 6 SYSTEMPATH\CodeIgniter.php(927): App\Controllers\Mahasiswa->krs()
 7 SYSTEMPATH\CodeIgniter.php(482): CodeIgniter\CodeIgniter->runController(Object(App\Controllers\Mahasiswa))
 8 SYSTEMPATH\CodeIgniter.php(351): CodeIgniter\CodeIgniter->handleRequest(null, Object(Config\Cache), false)
 9 FCPATH\index.php(67): CodeIgniter\CodeIgniter->run()
10 SYSTEMPATH\Commands\Server\rewrite.php(46): require_once('FCPATH\\index.php')
CRITICAL - 2022-12-04 01:09:16 --> Undefined variable: dataMataKuliahS2
in APPPATH\Views\krs\index.php on line 67.
 1 APPPATH\Views\krs\index.php(67): CodeIgniter\Debug\Exceptions->errorHandler(8, 'Undefined variable: dataMataKuliahS2', 'APPPATH\\Views\\krs\\index.php', 67, [...])
 2 SYSTEMPATH\View\View.php(213): include('APPPATH\\Views\\krs\\index.php')
 3 SYSTEMPATH\View\View.php(216): CodeIgniter\View\View->CodeIgniter\View\{closure}()
 4 SYSTEMPATH\Common.php(1134): CodeIgniter\View\View->render('krs/index', [], true)
 5 APPPATH\Controllers\Mahasiswa.php(370): view('krs/index', [...])
 6 SYSTEMPATH\CodeIgniter.php(927): App\Controllers\Mahasiswa->krs()
 7 SYSTEMPATH\CodeIgniter.php(482): CodeIgniter\CodeIgniter->runController(Object(App\Controllers\Mahasiswa))
 8 SYSTEMPATH\CodeIgniter.php(351): CodeIgniter\CodeIgniter->handleRequest(null, Object(Config\Cache), false)
 9 FCPATH\index.php(67): CodeIgniter\CodeIgniter->run()
10 SYSTEMPATH\Commands\Server\rewrite.php(46): require_once('FCPATH\\index.php')
CRITICAL - 2022-12-04 01:15:58 --> Undefined variable: dataMataKuliahS2
in APPPATH\Views\krs\index.php on line 67.
 1 APPPATH\Views\krs\index.php(67): CodeIgniter\Debug\Exceptions->errorHandler(8, 'Undefined variable: dataMataKuliahS2', 'APPPATH\\Views\\krs\\index.php', 67, [...])
 2 SYSTEMPATH\View\View.php(213): include('APPPATH\\Views\\krs\\index.php')
 3 SYSTEMPATH\View\View.php(216): CodeIgniter\View\View->CodeIgniter\View\{closure}()
 4 SYSTEMPATH\Common.php(1134): CodeIgniter\View\View->render('krs/index', [], true)
 5 APPPATH\Controllers\Mahasiswa.php(370): view('krs/index', [...])
 6 SYSTEMPATH\CodeIgniter.php(927): App\Controllers\Mahasiswa->krs()
 7 SYSTEMPATH\CodeIgniter.php(482): CodeIgniter\CodeIgniter->runController(Object(App\Controllers\Mahasiswa))
 8 SYSTEMPATH\CodeIgniter.php(351): CodeIgniter\CodeIgniter->handleRequest(null, Object(Config\Cache), false)
 9 FCPATH\index.php(67): CodeIgniter\CodeIgniter->run()
10 SYSTEMPATH\Commands\Server\rewrite.php(46): require_once('FCPATH\\index.php')
CRITICAL - 2022-12-04 01:22:23 --> Undefined variable: dataMataKuliahS2
in APPPATH\Views\krs\index.php on line 67.
 1 APPPATH\Views\krs\index.php(67): CodeIgniter\Debug\Exceptions->errorHandler(8, 'Undefined variable: dataMataKuliahS2', 'APPPATH\\Views\\krs\\index.php', 67, [...])
 2 SYSTEMPATH\View\View.php(213): include('APPPATH\\Views\\krs\\index.php')
 3 SYSTEMPATH\View\View.php(216): CodeIgniter\View\View->CodeIgniter\View\{closure}()
 4 SYSTEMPATH\Common.php(1134): CodeIgniter\View\View->render('krs/index', [], true)
 5 APPPATH\Controllers\Mahasiswa.php(370): view('krs/index', [...])
 6 SYSTEMPATH\CodeIgniter.php(927): App\Controllers\Mahasiswa->krs()
 7 SYSTEMPATH\CodeIgniter.php(482): CodeIgniter\CodeIgniter->runController(Object(App\Controllers\Mahasiswa))
 8 SYSTEMPATH\CodeIgniter.php(351): CodeIgniter\CodeIgniter->handleRequest(null, Object(Config\Cache), false)
 9 FCPATH\index.php(67): CodeIgniter\CodeIgniter->run()
10 SYSTEMPATH\Commands\Server\rewrite.php(46): require_once('FCPATH\\index.php')
CRITICAL - 2022-12-04 01:22:47 --> Undefined variable: dataMataKuliahS2
in APPPATH\Views\krs\index.php on line 67.
 1 APPPATH\Views\krs\index.php(67): CodeIgniter\Debug\Exceptions->errorHandler(8, 'Undefined variable: dataMataKuliahS2', 'APPPATH\\Views\\krs\\index.php', 67, [...])
 2 SYSTEMPATH\View\View.php(213): include('APPPATH\\Views\\krs\\index.php')
 3 SYSTEMPATH\View\View.php(216): CodeIgniter\View\View->CodeIgniter\View\{closure}()
 4 SYSTEMPATH\Common.php(1134): CodeIgniter\View\View->render('krs/index', [], true)
 5 APPPATH\Controllers\Mahasiswa.php(370): view('krs/index', [...])
 6 SYSTEMPATH\CodeIgniter.php(927): App\Controllers\Mahasiswa->krs()
 7 SYSTEMPATH\CodeIgniter.php(482): CodeIgniter\CodeIgniter->runController(Object(App\Controllers\Mahasiswa))
 8 SYSTEMPATH\CodeIgniter.php(351): CodeIgniter\CodeIgniter->handleRequest(null, Object(Config\Cache), false)
 9 FCPATH\index.php(67): CodeIgniter\CodeIgniter->run()
10 SYSTEMPATH\Commands\Server\rewrite.php(46): require_once('FCPATH\\index.php')
CRITICAL - 2022-12-04 01:23:13 --> Undefined variable: dataMataKuliahS2
in APPPATH\Views\krs\index.php on line 67.
 1 APPPATH\Views\krs\index.php(67): CodeIgniter\Debug\Exceptions->errorHandler(8, 'Undefined variable: dataMataKuliahS2', 'APPPATH\\Views\\krs\\index.php', 67, [...])
 2 SYSTEMPATH\View\View.php(213): include('APPPATH\\Views\\krs\\index.php')
 3 SYSTEMPATH\View\View.php(216): CodeIgniter\View\View->CodeIgniter\View\{closure}()
 4 SYSTEMPATH\Common.php(1134): CodeIgniter\View\View->render('krs/index', [], true)
 5 APPPATH\Controllers\Mahasiswa.php(370): view('krs/index', [...])
 6 SYSTEMPATH\CodeIgniter.php(927): App\Controllers\Mahasiswa->krs()
 7 SYSTEMPATH\CodeIgniter.php(482): CodeIgniter\CodeIgniter->runController(Object(App\Controllers\Mahasiswa))
 8 SYSTEMPATH\CodeIgniter.php(351): CodeIgniter\CodeIgniter->handleRequest(null, Object(Config\Cache), false)
 9 FCPATH\index.php(67): CodeIgniter\CodeIgniter->run()
10 SYSTEMPATH\Commands\Server\rewrite.php(46): require_once('FCPATH\\index.php')
CRITICAL - 2022-12-04 01:23:39 --> Undefined variable: dataMataKuliahS2
in APPPATH\Views\krs\index.php on line 67.
 1 APPPATH\Views\krs\index.php(67): CodeIgniter\Debug\Exceptions->errorHandler(8, 'Undefined variable: dataMataKuliahS2', 'APPPATH\\Views\\krs\\index.php', 67, [...])
 2 SYSTEMPATH\View\View.php(213): include('APPPATH\\Views\\krs\\index.php')
 3 SYSTEMPATH\View\View.php(216): CodeIgniter\View\View->CodeIgniter\View\{closure}()
 4 SYSTEMPATH\Common.php(1134): CodeIgniter\View\View->render('krs/index', [], true)
 5 APPPATH\Controllers\Mahasiswa.php(370): view('krs/index', [...])
 6 SYSTEMPATH\CodeIgniter.php(927): App\Controllers\Mahasiswa->krs()
 7 SYSTEMPATH\CodeIgniter.php(482): CodeIgniter\CodeIgniter->runController(Object(App\Controllers\Mahasiswa))
 8 SYSTEMPATH\CodeIgniter.php(351): CodeIgniter\CodeIgniter->handleRequest(null, Object(Config\Cache), false)
 9 FCPATH\index.php(67): CodeIgniter\CodeIgniter->run()
10 SYSTEMPATH\Commands\Server\rewrite.php(46): require_once('FCPATH\\index.php')
CRITICAL - 2022-12-04 01:26:22 --> Undefined variable: dataMataKuliahS2
in APPPATH\Views\krs\index.php on line 67.
 1 APPPATH\Views\krs\index.php(67): CodeIgniter\Debug\Exceptions->errorHandler(8, 'Undefined variable: dataMataKuliahS2', 'APPPATH\\Views\\krs\\index.php', 67, [...])
 2 SYSTEMPATH\View\View.php(213): include('APPPATH\\Views\\krs\\index.php')
 3 SYSTEMPATH\View\View.php(216): CodeIgniter\View\View->CodeIgniter\View\{closure}()
 4 SYSTEMPATH\Common.php(1134): CodeIgniter\View\View->render('krs/index', [], true)
 5 APPPATH\Controllers\Mahasiswa.php(370): view('krs/index', [...])
 6 SYSTEMPATH\CodeIgniter.php(927): App\Controllers\Mahasiswa->krs()
 7 SYSTEMPATH\CodeIgniter.php(482): CodeIgniter\CodeIgniter->runController(Object(App\Controllers\Mahasiswa))
 8 SYSTEMPATH\CodeIgniter.php(351): CodeIgniter\CodeIgniter->handleRequest(null, Object(Config\Cache), false)
 9 FCPATH\index.php(67): CodeIgniter\CodeIgniter->run()
10 SYSTEMPATH\Commands\Server\rewrite.php(46): require_once('FCPATH\\index.php')
CRITICAL - 2022-12-04 01:26:25 --> Undefined variable: dataMataKuliahS2
in APPPATH\Views\krs\index.php on line 67.
 1 APPPATH\Views\krs\index.php(67): CodeIgniter\Debug\Exceptions->errorHandler(8, 'Undefined variable: dataMataKuliahS2', 'APPPATH\\Views\\krs\\index.php', 67, [...])
 2 SYSTEMPATH\View\View.php(213): include('APPPATH\\Views\\krs\\index.php')
 3 SYSTEMPATH\View\View.php(216): CodeIgniter\View\View->CodeIgniter\View\{closure}()
 4 SYSTEMPATH\Common.php(1134): CodeIgniter\View\View->render('krs/index', [], true)
 5 APPPATH\Controllers\Mahasiswa.php(370): view('krs/index', [...])
 6 SYSTEMPATH\CodeIgniter.php(927): App\Controllers\Mahasiswa->krs()
 7 SYSTEMPATH\CodeIgniter.php(482): CodeIgniter\CodeIgniter->runController(Object(App\Controllers\Mahasiswa))
 8 SYSTEMPATH\CodeIgniter.php(351): CodeIgniter\CodeIgniter->handleRequest(null, Object(Config\Cache), false)
 9 FCPATH\index.php(67): CodeIgniter\CodeIgniter->run()
10 SYSTEMPATH\Commands\Server\rewrite.php(46): require_once('FCPATH\\index.php')
CRITICAL - 2022-12-04 01:27:44 --> Undefined variable: dataMataKuliahS2
in APPPATH\Views\krs\index.php on line 67.
 1 APPPATH\Views\krs\index.php(67): CodeIgniter\Debug\Exceptions->errorHandler(8, 'Undefined variable: dataMataKuliahS2', 'APPPATH\\Views\\krs\\index.php', 67, [...])
 2 SYSTEMPATH\View\View.php(213): include('APPPATH\\Views\\krs\\index.php')
 3 SYSTEMPATH\View\View.php(216): CodeIgniter\View\View->CodeIgniter\View\{closure}()
 4 SYSTEMPATH\Common.php(1134): CodeIgniter\View\View->render('krs/index', [], true)
 5 APPPATH\Controllers\Mahasiswa.php(370): view('krs/index', [...])
 6 SYSTEMPATH\CodeIgniter.php(927): App\Controllers\Mahasiswa->krs()
 7 SYSTEMPATH\CodeIgniter.php(482): CodeIgniter\CodeIgniter->runController(Object(App\Controllers\Mahasiswa))
 8 SYSTEMPATH\CodeIgniter.php(351): CodeIgniter\CodeIgniter->handleRequest(null, Object(Config\Cache), false)
 9 FCPATH\index.php(67): CodeIgniter\CodeIgniter->run()
10 SYSTEMPATH\Commands\Server\rewrite.php(46): require_once('FCPATH\\index.php')
CRITICAL - 2022-12-04 01:27:47 --> Undefined variable: dataMataKuliahS2
in APPPATH\Views\krs\index.php on line 67.
 1 APPPATH\Views\krs\index.php(67): CodeIgniter\Debug\Exceptions->errorHandler(8, 'Undefined variable: dataMataKuliahS2', 'APPPATH\\Views\\krs\\index.php', 67, [...])
 2 SYSTEMPATH\View\View.php(213): include('APPPATH\\Views\\krs\\index.php')
 3 SYSTEMPATH\View\View.php(216): CodeIgniter\View\View->CodeIgniter\View\{closure}()
 4 SYSTEMPATH\Common.php(1134): CodeIgniter\View\View->render('krs/index', [], true)
 5 APPPATH\Controllers\Mahasiswa.php(370): view('krs/index', [...])
 6 SYSTEMPATH\CodeIgniter.php(927): App\Controllers\Mahasiswa->krs()
 7 SYSTEMPATH\CodeIgniter.php(482): CodeIgniter\CodeIgniter->runController(Object(App\Controllers\Mahasiswa))
 8 SYSTEMPATH\CodeIgniter.php(351): CodeIgniter\CodeIgniter->handleRequest(null, Object(Config\Cache), false)
 9 FCPATH\index.php(67): CodeIgniter\CodeIgniter->run()
10 SYSTEMPATH\Commands\Server\rewrite.php(46): require_once('FCPATH\\index.php')
CRITICAL - 2022-12-04 01:27:54 --> Undefined variable: dataMataKuliahS2
in APPPATH\Views\krs\index.php on line 67.
 1 APPPATH\Views\krs\index.php(67): CodeIgniter\Debug\Exceptions->errorHandler(8, 'Undefined variable: dataMataKuliahS2', 'APPPATH\\Views\\krs\\index.php', 67, [...])
 2 SYSTEMPATH\View\View.php(213): include('APPPATH\\Views\\krs\\index.php')
 3 SYSTEMPATH\View\View.php(216): CodeIgniter\View\View->CodeIgniter\View\{closure}()
 4 SYSTEMPATH\Common.php(1134): CodeIgniter\View\View->render('krs/index', [], true)
 5 APPPATH\Controllers\Mahasiswa.php(370): view('krs/index', [...])
 6 SYSTEMPATH\CodeIgniter.php(927): App\Controllers\Mahasiswa->krs()
 7 SYSTEMPATH\CodeIgniter.php(482): CodeIgniter\CodeIgniter->runController(Object(App\Controllers\Mahasiswa))
 8 SYSTEMPATH\CodeIgniter.php(351): CodeIgniter\CodeIgniter->handleRequest(null, Object(Config\Cache), false)
 9 FCPATH\index.php(67): CodeIgniter\CodeIgniter->run()
10 SYSTEMPATH\Commands\Server\rewrite.php(46): require_once('FCPATH\\index.php')
CRITICAL - 2022-12-04 02:39:17 --> Call to undefined method App\Models\m_KRS::getMKSemester1
in SYSTEMPATH\Model.php on line 774.
 1 APPPATH\Controllers\Mahasiswa.php(364): CodeIgniter\Model->__call('getMKSemester1', [...])
 2 SYSTEMPATH\CodeIgniter.php(927): App\Controllers\Mahasiswa->krs()
 3 SYSTEMPATH\CodeIgniter.php(482): CodeIgniter\CodeIgniter->runController(Object(App\Controllers\Mahasiswa))
 4 SYSTEMPATH\CodeIgniter.php(351): CodeIgniter\CodeIgniter->handleRequest(null, Object(Config\Cache), false)
 5 FCPATH\index.php(67): CodeIgniter\CodeIgniter->run()
 6 SYSTEMPATH\Commands\Server\rewrite.php(46): require_once('FCPATH\\index.php')
CRITICAL - 2022-12-04 02:51:08 --> Call to undefined method App\Models\m_KRS::getMKSemester1
in SYSTEMPATH\Model.php on line 774.
 1 APPPATH\Controllers\Mahasiswa.php(364): CodeIgniter\Model->__call('getMKSemester1', [...])
 2 SYSTEMPATH\CodeIgniter.php(927): App\Controllers\Mahasiswa->krs()
 3 SYSTEMPATH\CodeIgniter.php(482): CodeIgniter\CodeIgniter->runController(Object(App\Controllers\Mahasiswa))
 4 SYSTEMPATH\CodeIgniter.php(351): CodeIgniter\CodeIgniter->handleRequest(null, Object(Config\Cache), false)
 5 FCPATH\index.php(67): CodeIgniter\CodeIgniter->run()
 6 SYSTEMPATH\Commands\Server\rewrite.php(46): require_once('FCPATH\\index.php')
CRITICAL - 2022-12-04 02:54:13 --> Call to undefined method App\Models\m_KRS::getMKSemester1
in SYSTEMPATH\Model.php on line 774.
 1 APPPATH\Controllers\Mahasiswa.php(364): CodeIgniter\Model->__call('getMKSemester1', [...])
 2 SYSTEMPATH\CodeIgniter.php(927): App\Controllers\Mahasiswa->krs()
 3 SYSTEMPATH\CodeIgniter.php(482): CodeIgniter\CodeIgniter->runController(Object(App\Controllers\Mahasiswa))
 4 SYSTEMPATH\CodeIgniter.php(351): CodeIgniter\CodeIgniter->handleRequest(null, Object(Config\Cache), false)
 5 FCPATH\index.php(67): CodeIgniter\CodeIgniter->run()
 6 SYSTEMPATH\Commands\Server\rewrite.php(46): require_once('FCPATH\\index.php')
CRITICAL - 2022-12-04 03:00:26 --> Call to undefined method App\Models\m_KRS::getMKSemester1
in SYSTEMPATH\Model.php on line 774.
 1 APPPATH\Controllers\Mahasiswa.php(364): CodeIgniter\Model->__call('getMKSemester1', [...])
 2 SYSTEMPATH\CodeIgniter.php(927): App\Controllers\Mahasiswa->krs()
 3 SYSTEMPATH\CodeIgniter.php(482): CodeIgniter\CodeIgniter->runController(Object(App\Controllers\Mahasiswa))
 4 SYSTEMPATH\CodeIgniter.php(351): CodeIgniter\CodeIgniter->handleRequest(null, Object(Config\Cache), false)
 5 FCPATH\index.php(67): CodeIgniter\CodeIgniter->run()
 6 SYSTEMPATH\Commands\Server\rewrite.php(46): require_once('FCPATH\\index.php')
CRITICAL - 2022-12-04 03:00:39 --> Call to undefined method App\Models\m_KRS::getMKSemester1
in SYSTEMPATH\Model.php on line 774.
 1 APPPATH\Controllers\Mahasiswa.php(364): CodeIgniter\Model->__call('getMKSemester1', [...])
 2 SYSTEMPATH\CodeIgniter.php(927): App\Controllers\Mahasiswa->krs()
 3 SYSTEMPATH\CodeIgniter.php(482): CodeIgniter\CodeIgniter->runController(Object(App\Controllers\Mahasiswa))
 4 SYSTEMPATH\CodeIgniter.php(351): CodeIgniter\CodeIgniter->handleRequest(null, Object(Config\Cache), false)
 5 FCPATH\index.php(67): CodeIgniter\CodeIgniter->run()
 6 SYSTEMPATH\Commands\Server\rewrite.php(46): require_once('FCPATH\\index.php')
CRITICAL - 2022-12-04 03:00:41 --> Call to undefined method App\Models\m_KRS::getMKSemester1
in SYSTEMPATH\Model.php on line 774.
 1 APPPATH\Controllers\Mahasiswa.php(364): CodeIgniter\Model->__call('getMKSemester1', [...])
 2 SYSTEMPATH\CodeIgniter.php(927): App\Controllers\Mahasiswa->krs()
 3 SYSTEMPATH\CodeIgniter.php(482): CodeIgniter\CodeIgniter->runController(Object(App\Controllers\Mahasiswa))
 4 SYSTEMPATH\CodeIgniter.php(351): CodeIgniter\CodeIgniter->handleRequest(null, Object(Config\Cache), false)
 5 FCPATH\index.php(67): CodeIgniter\CodeIgniter->run()
 6 SYSTEMPATH\Commands\Server\rewrite.php(46): require_once('FCPATH\\index.php')
CRITICAL - 2022-12-04 03:00:48 --> Call to undefined method App\Models\m_KRS::getMKSemester1
in SYSTEMPATH\Model.php on line 774.
 1 APPPATH\Controllers\Mahasiswa.php(364): CodeIgniter\Model->__call('getMKSemester1', [...])
 2 SYSTEMPATH\CodeIgniter.php(927): App\Controllers\Mahasiswa->krs()
 3 SYSTEMPATH\CodeIgniter.php(482): CodeIgniter\CodeIgniter->runController(Object(App\Controllers\Mahasiswa))
 4 SYSTEMPATH\CodeIgniter.php(351): CodeIgniter\CodeIgniter->handleRequest(null, Object(Config\Cache), false)
 5 FCPATH\index.php(67): CodeIgniter\CodeIgniter->run()
 6 SYSTEMPATH\Commands\Server\rewrite.php(46): require_once('FCPATH\\index.php')
ERROR - 2022-12-04 03:01:19 --> mysqli_sql_exception: Duplicate entry '' for key 'PRIMARY' in C:\xampp\htdocs\ci4\ci4-krs\system\Database\MySQLi\Connection.php:292
Stack trace:
#0 C:\xampp\htdocs\ci4\ci4-krs\system\Database\MySQLi\Connection.php(292): mysqli->query('INSERT INTO `pi...', 0)
#1 C:\xampp\htdocs\ci4\ci4-krs\system\Database\BaseConnection.php(666): CodeIgniter\Database\MySQLi\Connection->execute('INSERT INTO `pi...')
#2 C:\xampp\htdocs\ci4\ci4-krs\system\Database\BaseConnection.php(593): CodeIgniter\Database\BaseConnection->simpleQuery('INSERT INTO `pi...')
#3 C:\xampp\htdocs\ci4\ci4-krs\system\Database\BaseBuilder.php(1916): CodeIgniter\Database\BaseConnection->query('INSERT INTO `pi...', Array, false)
#4 C:\xampp\htdocs\ci4\ci4-krs\system\Model.php(279): CodeIgniter\Database\BaseBuilder->insert()
#5 C:\xampp\htdocs\ci4\ci4-krs\system\BaseModel.php(749): CodeIgniter\Model->doInsert(Array)
#6 C:\xampp\htdocs\ci4\ci4-krs\system\Model.php(667): CodeIgniter\BaseModel->insert(Array, true)
#7 C:\xampp\htdocs\ci4\ci4-krs\app\Controllers\Mahasiswa.php(409): CodeIgniter\Model->insert(Array)
#8 C:\xampp\htdocs\ci4\ci4-krs\system\CodeIgniter.php(927): App\Controllers\Mahasiswa->prosesKrs()
#9 C:\xampp\htdocs\ci4\ci4-krs\system\CodeIgniter.php(482): CodeIgniter\CodeIgniter->runController(Object(App\Controllers\Mahasiswa))
#10 C:\xampp\htdocs\ci4\ci4-krs\system\CodeIgniter.php(351): CodeIgniter\CodeIgniter->handleRequest(NULL, Object(Config\Cache), false)
#11 C:\xampp\htdocs\ci4\ci4-krs\public\index.php(67): CodeIgniter\CodeIgniter->run()
#12 C:\xampp\htdocs\ci4\ci4-krs\system\Commands\Server\rewrite.php(46): require_once('C:\\xampp\\htdocs...')
#13 {main}
CRITICAL - 2022-12-04 03:01:19 --> Duplicate entry '' for key 'PRIMARY'
in SYSTEMPATH\Database\MySQLi\Connection.php on line 292.
 1 SYSTEMPATH\Database\MySQLi\Connection.php(292): mysqli->query('INSERT INTO `pilih_krs` (`npm_mhs`, `akademik_krs`, `kode_matkul`) VALUES (\'20081010032\', \'2022\', \'PDS1SMTR1\')', 0)
 2 SYSTEMPATH\Database\BaseConnection.php(666): CodeIgniter\Database\MySQLi\Connection->execute('INSERT INTO `pilih_krs` (`npm_mhs`, `akademik_krs`, `kode_matkul`) VALUES (\'20081010032\', \'2022\', \'PDS1SMTR1\')')
 3 SYSTEMPATH\Database\BaseConnection.php(593): CodeIgniter\Database\BaseConnection->simpleQuery('INSERT INTO `pilih_krs` (`npm_mhs`, `akademik_krs`, `kode_matkul`) VALUES (\'20081010032\', \'2022\', \'PDS1SMTR1\')')
 4 SYSTEMPATH\Database\BaseBuilder.php(1916): CodeIgniter\Database\BaseConnection->query('INSERT INTO `pilih_krs` (`npm_mhs`, `akademik_krs`, `kode_matkul`) VALUES (:npm_mhs:, :akademik_krs:, :kode_matkul:)', [...], false)
 5 SYSTEMPATH\Model.php(279): CodeIgniter\Database\BaseBuilder->insert()
 6 SYSTEMPATH\BaseModel.php(749): CodeIgniter\Model->doInsert([...])
 7 SYSTEMPATH\Model.php(667): CodeIgniter\BaseModel->insert([...], true)
 8 APPPATH\Controllers\Mahasiswa.php(409): CodeIgniter\Model->insert([...])
 9 SYSTEMPATH\CodeIgniter.php(927): App\Controllers\Mahasiswa->prosesKrs()
10 SYSTEMPATH\CodeIgniter.php(482): CodeIgniter\CodeIgniter->runController(Object(App\Controllers\Mahasiswa))
11 SYSTEMPATH\CodeIgniter.php(351): CodeIgniter\CodeIgniter->handleRequest(null, Object(Config\Cache), false)
12 FCPATH\index.php(67): CodeIgniter\CodeIgniter->run()
13 SYSTEMPATH\Commands\Server\rewrite.php(46): require_once('FCPATH\\index.php')
ERROR - 2022-12-04 03:03:53 --> mysqli_sql_exception: Duplicate entry '' for key 'PRIMARY' in C:\xampp\htdocs\ci4\ci4-krs\system\Database\MySQLi\Connection.php:292
Stack trace:
#0 C:\xampp\htdocs\ci4\ci4-krs\system\Database\MySQLi\Connection.php(292): mysqli->query('INSERT INTO `pi...', 0)
#1 C:\xampp\htdocs\ci4\ci4-krs\system\Database\BaseConnection.php(666): CodeIgniter\Database\MySQLi\Connection->execute('INSERT INTO `pi...')
#2 C:\xampp\htdocs\ci4\ci4-krs\system\Database\BaseConnection.php(593): CodeIgniter\Database\BaseConnection->simpleQuery('INSERT INTO `pi...')
#3 C:\xampp\htdocs\ci4\ci4-krs\system\Database\BaseBuilder.php(1916): CodeIgniter\Database\BaseConnection->query('INSERT INTO `pi...', Array, false)
#4 C:\xampp\htdocs\ci4\ci4-krs\system\Model.php(279): CodeIgniter\Database\BaseBuilder->insert()
#5 C:\xampp\htdocs\ci4\ci4-krs\system\BaseModel.php(749): CodeIgniter\Model->doInsert(Array)
#6 C:\xampp\htdocs\ci4\ci4-krs\system\Model.php(667): CodeIgniter\BaseModel->insert(Array, true)
#7 C:\xampp\htdocs\ci4\ci4-krs\app\Controllers\Mahasiswa.php(409): CodeIgniter\Model->insert(Array)
#8 C:\xampp\htdocs\ci4\ci4-krs\system\CodeIgniter.php(927): App\Controllers\Mahasiswa->prosesKrs()
#9 C:\xampp\htdocs\ci4\ci4-krs\system\CodeIgniter.php(482): CodeIgniter\CodeIgniter->runController(Object(App\Controllers\Mahasiswa))
#10 C:\xampp\htdocs\ci4\ci4-krs\system\CodeIgniter.php(351): CodeIgniter\CodeIgniter->handleRequest(NULL, Object(Config\Cache), false)
#11 C:\xampp\htdocs\ci4\ci4-krs\public\index.php(67): CodeIgniter\CodeIgniter->run()
#12 C:\xampp\htdocs\ci4\ci4-krs\system\Commands\Server\rewrite.php(46): require_once('C:\\xampp\\htdocs...')
#13 {main}
CRITICAL - 2022-12-04 03:03:53 --> Duplicate entry '' for key 'PRIMARY'
in SYSTEMPATH\Database\MySQLi\Connection.php on line 292.
 1 SYSTEMPATH\Database\MySQLi\Connection.php(292): mysqli->query('INSERT INTO `pilih_krs` (`npm_mhs`, `akademik_krs`, `kode_matkul`) VALUES (\'20081010032\', \'2022\', \'MTKS1SMTR1\')', 0)
 2 SYSTEMPATH\Database\BaseConnection.php(666): CodeIgniter\Database\MySQLi\Connection->execute('INSERT INTO `pilih_krs` (`npm_mhs`, `akademik_krs`, `kode_matkul`) VALUES (\'20081010032\', \'2022\', \'MTKS1SMTR1\')')
 3 SYSTEMPATH\Database\BaseConnection.php(593): CodeIgniter\Database\BaseConnection->simpleQuery('INSERT INTO `pilih_krs` (`npm_mhs`, `akademik_krs`, `kode_matkul`) VALUES (\'20081010032\', \'2022\', \'MTKS1SMTR1\')')
 4 SYSTEMPATH\Database\BaseBuilder.php(1916): CodeIgniter\Database\BaseConnection->query('INSERT INTO `pilih_krs` (`npm_mhs`, `akademik_krs`, `kode_matkul`) VALUES (:npm_mhs:, :akademik_krs:, :kode_matkul:)', [...], false)
 5 SYSTEMPATH\Model.php(279): CodeIgniter\Database\BaseBuilder->insert()
 6 SYSTEMPATH\BaseModel.php(749): CodeIgniter\Model->doInsert([...])
 7 SYSTEMPATH\Model.php(667): CodeIgniter\BaseModel->insert([...], true)
 8 APPPATH\Controllers\Mahasiswa.php(409): CodeIgniter\Model->insert([...])
 9 SYSTEMPATH\CodeIgniter.php(927): App\Controllers\Mahasiswa->prosesKrs()
10 SYSTEMPATH\CodeIgniter.php(482): CodeIgniter\CodeIgniter->runController(Object(App\Controllers\Mahasiswa))
11 SYSTEMPATH\CodeIgniter.php(351): CodeIgniter\CodeIgniter->handleRequest(null, Object(Config\Cache), false)
12 FCPATH\index.php(67): CodeIgniter\CodeIgniter->run()
13 SYSTEMPATH\Commands\Server\rewrite.php(46): require_once('FCPATH\\index.php')
CRITICAL - 2022-12-04 03:43:31 --> syntax error, unexpected '$this' (T_VARIABLE)
in APPPATH\Controllers\Mahasiswa.php on line 407.
 1 SYSTEMPATH\Autoloader\Autoloader.php(259): CodeIgniter\Autoloader\Autoloader->includeFile('APPPATH\\Controllers\\Mahasiswa.php')
 2 SYSTEMPATH\Autoloader\Autoloader.php(237): CodeIgniter\Autoloader\Autoloader->loadInNamespace('App\\Controllers\\Mahasiswa')
 3 [internal function]: CodeIgniter\Autoloader\Autoloader->loadClass('App\\Controllers\\Mahasiswa')
 4 [internal function]: spl_autoload_call('App\\Controllers\\Mahasiswa')
 5 SYSTEMPATH\CodeIgniter.php(877): class_exists('\\App\\Controllers\\Mahasiswa', true)
 6 SYSTEMPATH\CodeIgniter.php(469): CodeIgniter\CodeIgniter->startController()
 7 SYSTEMPATH\CodeIgniter.php(351): CodeIgniter\CodeIgniter->handleRequest(null, Object(Config\Cache), false)
 8 FCPATH\index.php(67): CodeIgniter\CodeIgniter->run()
 9 SYSTEMPATH\Commands\Server\rewrite.php(46): require_once('FCPATH\\index.php')
CRITICAL - 2022-12-04 04:21:08 --> Undefined variable: dataKRS
in APPPATH\Views\krs\list.php on line 33.
 1 APPPATH\Views\krs\list.php(33): CodeIgniter\Debug\Exceptions->errorHandler(8, 'Undefined variable: dataKRS', 'APPPATH\\Views\\krs\\list.php', 33, [...])
 2 SYSTEMPATH\View\View.php(213): include('APPPATH\\Views\\krs\\list.php')
 3 SYSTEMPATH\View\View.php(216): CodeIgniter\View\View->CodeIgniter\View\{closure}()
 4 SYSTEMPATH\Common.php(1134): CodeIgniter\View\View->render('krs/list', [], true)
 5 APPPATH\Controllers\Mahasiswa.php(423): view('krs/list', [...])
 6 SYSTEMPATH\CodeIgniter.php(927): App\Controllers\Mahasiswa->listKrs()
 7 SYSTEMPATH\CodeIgniter.php(482): CodeIgniter\CodeIgniter->runController(Object(App\Controllers\Mahasiswa))
 8 SYSTEMPATH\CodeIgniter.php(351): CodeIgniter\CodeIgniter->handleRequest(null, Object(Config\Cache), false)
 9 FCPATH\index.php(67): CodeIgniter\CodeIgniter->run()
10 SYSTEMPATH\Commands\Server\rewrite.php(46): require_once('FCPATH\\index.php')
CRITICAL - 2022-12-04 04:21:48 --> Undefined index: npm_krs
in APPPATH\Views\krs\list.php on line 39.
 1 APPPATH\Views\krs\list.php(39): CodeIgniter\Debug\Exceptions->errorHandler(8, 'Undefined index: npm_krs', 'APPPATH\\Views\\krs\\list.php', 39, [...])
 2 SYSTEMPATH\View\View.php(213): include('APPPATH\\Views\\krs\\list.php')
 3 SYSTEMPATH\View\View.php(216): CodeIgniter\View\View->CodeIgniter\View\{closure}()
 4 SYSTEMPATH\Common.php(1134): CodeIgniter\View\View->render('krs/list', [], true)
 5 APPPATH\Controllers\Mahasiswa.php(423): view('krs/list', [...])
 6 SYSTEMPATH\CodeIgniter.php(927): App\Controllers\Mahasiswa->listKrs()
 7 SYSTEMPATH\CodeIgniter.php(482): CodeIgniter\CodeIgniter->runController(Object(App\Controllers\Mahasiswa))
 8 SYSTEMPATH\CodeIgniter.php(351): CodeIgniter\CodeIgniter->handleRequest(null, Object(Config\Cache), false)
 9 FCPATH\index.php(67): CodeIgniter\CodeIgniter->run()
10 SYSTEMPATH\Commands\Server\rewrite.php(46): require_once('FCPATH\\index.php')
CRITICAL - 2022-12-04 04:22:18 --> Undefined variable: jurusan
in APPPATH\Views\krs\list.php on line 51.
 1 APPPATH\Views\krs\list.php(51): CodeIgniter\Debug\Exceptions->errorHandler(8, 'Undefined variable: jurusan', 'APPPATH\\Views\\krs\\list.php', 51, [...])
 2 SYSTEMPATH\View\View.php(213): include('APPPATH\\Views\\krs\\list.php')
 3 SYSTEMPATH\View\View.php(216): CodeIgniter\View\View->CodeIgniter\View\{closure}()
 4 SYSTEMPATH\Common.php(1134): CodeIgniter\View\View->render('krs/list', [], true)
 5 APPPATH\Controllers\Mahasiswa.php(423): view('krs/list', [...])
 6 SYSTEMPATH\CodeIgniter.php(927): App\Controllers\Mahasiswa->listKrs()
 7 SYSTEMPATH\CodeIgniter.php(482): CodeIgniter\CodeIgniter->runController(Object(App\Controllers\Mahasiswa))
 8 SYSTEMPATH\CodeIgniter.php(351): CodeIgniter\CodeIgniter->handleRequest(null, Object(Config\Cache), false)
 9 FCPATH\index.php(67): CodeIgniter\CodeIgniter->run()
10 SYSTEMPATH\Commands\Server\rewrite.php(46): require_once('FCPATH\\index.php')
CRITICAL - 2022-12-04 04:24:11 --> Undefined variable: jurusan
in APPPATH\Views\krs\list.php on line 51.
 1 APPPATH\Views\krs\list.php(51): CodeIgniter\Debug\Exceptions->errorHandler(8, 'Undefined variable: jurusan', 'APPPATH\\Views\\krs\\list.php', 51, [...])
 2 SYSTEMPATH\View\View.php(213): include('APPPATH\\Views\\krs\\list.php')
 3 SYSTEMPATH\View\View.php(216): CodeIgniter\View\View->CodeIgniter\View\{closure}()
 4 SYSTEMPATH\Common.php(1134): CodeIgniter\View\View->render('krs/list', [], true)
 5 APPPATH\Controllers\Mahasiswa.php(423): view('krs/list', [...])
 6 SYSTEMPATH\CodeIgniter.php(927): App\Controllers\Mahasiswa->listKrs()
 7 SYSTEMPATH\CodeIgniter.php(482): CodeIgniter\CodeIgniter->runController(Object(App\Controllers\Mahasiswa))
 8 SYSTEMPATH\CodeIgniter.php(351): CodeIgniter\CodeIgniter->handleRequest(null, Object(Config\Cache), false)
 9 FCPATH\index.php(67): CodeIgniter\CodeIgniter->run()
10 SYSTEMPATH\Commands\Server\rewrite.php(46): require_once('FCPATH\\index.php')
CRITICAL - 2022-12-04 04:25:48 --> Undefined variable: user
in APPPATH\Views\layouts\mahasiswa_layout.php on line 83.
 1 APPPATH\Views\layouts\mahasiswa_layout.php(83): CodeIgniter\Debug\Exceptions->errorHandler(8, 'Undefined variable: user', 'APPPATH\\Views\\layouts\\mahasiswa_layout.php', 83, [...])
 2 SYSTEMPATH\View\View.php(213): include('APPPATH\\Views\\layouts\\mahasiswa_layout.php')
 3 SYSTEMPATH\View\View.php(216): CodeIgniter\View\View->CodeIgniter\View\{closure}()
 4 SYSTEMPATH\View\View.php(229): CodeIgniter\View\View->render('layouts/mahasiswa_layout', [], true)
 5 SYSTEMPATH\Common.php(1134): CodeIgniter\View\View->render('krs/list', [], true)
 6 APPPATH\Controllers\Mahasiswa.php(423): view('krs/list', [...])
 7 SYSTEMPATH\CodeIgniter.php(927): App\Controllers\Mahasiswa->listKrs()
 8 SYSTEMPATH\CodeIgniter.php(482): CodeIgniter\CodeIgniter->runController(Object(App\Controllers\Mahasiswa))
 9 SYSTEMPATH\CodeIgniter.php(351): CodeIgniter\CodeIgniter->handleRequest(null, Object(Config\Cache), false)
10 FCPATH\index.php(67): CodeIgniter\CodeIgniter->run()
11 SYSTEMPATH\Commands\Server\rewrite.php(46): require_once('FCPATH\\index.php')
CRITICAL - 2022-12-04 04:27:01 --> Undefined variable: user
in APPPATH\Views\layouts\mahasiswa_layout.php on line 83.
 1 APPPATH\Views\layouts\mahasiswa_layout.php(83): CodeIgniter\Debug\Exceptions->errorHandler(8, 'Undefined variable: user', 'APPPATH\\Views\\layouts\\mahasiswa_layout.php', 83, [...])
 2 SYSTEMPATH\View\View.php(213): include('APPPATH\\Views\\layouts\\mahasiswa_layout.php')
 3 SYSTEMPATH\View\View.php(216): CodeIgniter\View\View->CodeIgniter\View\{closure}()
 4 SYSTEMPATH\View\View.php(229): CodeIgniter\View\View->render('layouts/mahasiswa_layout', [], true)
 5 SYSTEMPATH\Common.php(1134): CodeIgniter\View\View->render('krs/list', [], true)
 6 APPPATH\Controllers\Mahasiswa.php(423): view('krs/list', [...])
 7 SYSTEMPATH\CodeIgniter.php(927): App\Controllers\Mahasiswa->listKrs()
 8 SYSTEMPATH\CodeIgniter.php(482): CodeIgniter\CodeIgniter->runController(Object(App\Controllers\Mahasiswa))
 9 SYSTEMPATH\CodeIgniter.php(351): CodeIgniter\CodeIgniter->handleRequest(null, Object(Config\Cache), false)
10 FCPATH\index.php(67): CodeIgniter\CodeIgniter->run()
11 SYSTEMPATH\Commands\Server\rewrite.php(46): require_once('FCPATH\\index.php')
CRITICAL - 2022-12-04 04:28:38 --> Undefined variable: user
in APPPATH\Views\layouts\mahasiswa_layout.php on line 83.
 1 APPPATH\Views\layouts\mahasiswa_layout.php(83): CodeIgniter\Debug\Exceptions->errorHandler(8, 'Undefined variable: user', 'APPPATH\\Views\\layouts\\mahasiswa_layout.php', 83, [...])
 2 SYSTEMPATH\View\View.php(213): include('APPPATH\\Views\\layouts\\mahasiswa_layout.php')
 3 SYSTEMPATH\View\View.php(216): CodeIgniter\View\View->CodeIgniter\View\{closure}()
 4 SYSTEMPATH\View\View.php(229): CodeIgniter\View\View->render('layouts/mahasiswa_layout', [], true)
 5 SYSTEMPATH\Common.php(1134): CodeIgniter\View\View->render('krs/list', [], true)
 6 APPPATH\Controllers\Mahasiswa.php(423): view('krs/list', [...])
 7 SYSTEMPATH\CodeIgniter.php(927): App\Controllers\Mahasiswa->listKrs()
 8 SYSTEMPATH\CodeIgniter.php(482): CodeIgniter\CodeIgniter->runController(Object(App\Controllers\Mahasiswa))
 9 SYSTEMPATH\CodeIgniter.php(351): CodeIgniter\CodeIgniter->handleRequest(null, Object(Config\Cache), false)
10 FCPATH\index.php(67): CodeIgniter\CodeIgniter->run()
11 SYSTEMPATH\Commands\Server\rewrite.php(46): require_once('FCPATH\\index.php')
